[2023-05-15 09:50:42 +0100] [342970] [DEBUG] Current configuration:
  config: /home/credirect/Documents/CredirectSoftware/Backend/gunicorn_conf.py
  wsgi_app: None
  bind: ['0.0.0.0:8000']
  backlog: 2048
  workers: 5
  worker_class: uvicorn.workers.UvicornWorker
  threads: 1
  worker_connections: 1000
  max_requests: 0
  max_requests_jitter: 0
  timeout: 30
  graceful_timeout: 30
  keepalive: 2
  limit_request_line: 4094
  limit_request_fields: 100
  limit_request_field_size: 8190
  reload: False
  reload_engine: auto
  reload_extra_files: []
  spew: False
  check_config: False
  print_config: False
  preload_app: False
  sendfile: None
  reuse_port: False
  chdir: /home/credirect/Documents/CredirectSoftware/Backend
  daemon: False
  raw_env: []
  pidfile: None
  worker_tmp_dir: None
  user: 1000
  group: 1000
  umask: 0
  initgroups: False
  tmp_upload_dir: None
  secure_scheme_headers: {'X-FORWARDED-PROTOCOL': 'ssl', 'X-FORWARDED-PROTO': 'https', 'X-FORWARDED-SSL': 'on'}
  forwarded_allow_ips: ['127.0.0.1']
  accesslog: /home/credirect/Documents/CredirectSoftware/Backend/access_log
  disable_redirect_access_to_syslog: False
  access_log_format: %(h)s %(l)s %(u)s %(t)s "%(r)s" %(s)s %(b)s "%(f)s" "%(a)s"
  errorlog: /home/credirect/Documents/CredirectSoftware/Backend/error_log
  loglevel: debug
  capture_output: False
  logger_class: gunicorn.glogging.Logger
  logconfig: None
  logconfig_dict: {}
  syslog_addr: udp://localhost:514
  syslog: False
  syslog_prefix: None
  syslog_facility: user
  enable_stdio_inheritance: False
  statsd_host: None
  dogstatsd_tags: 
  statsd_prefix: 
  proc_name: None
  default_proc_name: app.app:app
  pythonpath: None
  paste: None
  on_starting: <function OnStarting.on_starting at 0x7fa5d4d2c0d0>
  on_reload: <function OnReload.on_reload at 0x7fa5d4d2c1f0>
  when_ready: <function WhenReady.when_ready at 0x7fa5d4d2c310>
  pre_fork: <function Prefork.pre_fork at 0x7fa5d4d2c430>
  post_fork: <function Postfork.post_fork at 0x7fa5d4d2c550>
  post_worker_init: <function PostWorkerInit.post_worker_init at 0x7fa5d4d2c670>
  worker_int: <function WorkerInt.worker_int at 0x7fa5d4d2c790>
  worker_abort: <function WorkerAbort.worker_abort at 0x7fa5d4d2c8b0>
  pre_exec: <function PreExec.pre_exec at 0x7fa5d4d2c9d0>
  pre_request: <function PreRequest.pre_request at 0x7fa5d4d2caf0>
  post_request: <function PostRequest.post_request at 0x7fa5d4d2cb80>
  child_exit: <function ChildExit.child_exit at 0x7fa5d4d2cca0>
  worker_exit: <function WorkerExit.worker_exit at 0x7fa5d4d2cdc0>
  nworkers_changed: <function NumWorkersChanged.nworkers_changed at 0x7fa5d4d2cee0>
  on_exit: <function OnExit.on_exit at 0x7fa5d4d2d000>
  proxy_protocol: False
  proxy_allow_ips: ['127.0.0.1']
  keyfile: None
  certfile: None
  ssl_version: 2
  cert_reqs: 0
  ca_certs: None
  suppress_ragged_eofs: True
  do_handshake_on_connect: False
  ciphers: None
  raw_paste_global_conf: []
  strip_header_spaces: False
[2023-05-15 09:50:42 +0100] [342970] [INFO] Starting gunicorn 20.1.0
[2023-05-15 09:50:42 +0100] [342970] [DEBUG] Arbiter booted
[2023-05-15 09:50:42 +0100] [342970] [INFO] Listening at: http://0.0.0.0:8000 (342970)
[2023-05-15 09:50:42 +0100] [342970] [INFO] Using worker: uvicorn.workers.UvicornWorker
[2023-05-15 09:50:42 +0100] [342972] [INFO] Booting worker with pid: 342972
[2023-05-15 09:50:42 +0100] [342973] [INFO] Booting worker with pid: 342973
[2023-05-15 09:50:42 +0100] [342974] [INFO] Booting worker with pid: 342974
[2023-05-15 09:50:42 +0100] [342975] [INFO] Booting worker with pid: 342975
[2023-05-15 09:50:42 +0100] [342976] [INFO] Booting worker with pid: 342976
[2023-05-15 09:50:42 +0100] [342970] [DEBUG] 5 workers
[2023-05-15 09:50:43 +0100] [342973] [INFO] Started server process [342973]
[2023-05-15 09:50:43 +0100] [342973] [INFO] Waiting for application startup.
[2023-05-15 09:50:43 +0100] [342974] [INFO] Started server process [342974]
[2023-05-15 09:50:43 +0100] [342974] [INFO] Waiting for application startup.
[2023-05-15 09:50:44 +0100] [342972] [INFO] Started server process [342972]
[2023-05-15 09:50:44 +0100] [342972] [INFO] Waiting for application startup.
[2023-05-15 09:50:44 +0100] [342976] [INFO] Started server process [342976]
[2023-05-15 09:50:44 +0100] [342976] [INFO] Waiting for application startup.
[2023-05-15 09:50:44 +0100] [342975] [INFO] Started server process [342975]
[2023-05-15 09:50:44 +0100] [342975] [INFO] Waiting for application startup.
[2023-05-15 09:50:46 +0100] [342973] [INFO] Application startup complete.
[2023-05-15 09:50:46 +0100] [342974] [INFO] Application startup complete.
[2023-05-15 09:50:46 +0100] [342972] [INFO] Application startup complete.
[2023-05-15 09:50:46 +0100] [342976] [INFO] Application startup complete.
[2023-05-15 09:50:46 +0100] [342975] [INFO] Application startup complete.
[2023-05-15 10:19:16 +0100] [342976] [ERROR] Exception in ASGI application
Traceback (most recent call last):
  File "/home/credirect/Documents/CredirectSoftware/Backend/venv/lib/python3.10/site-packages/uvicorn/protocols/http/h11_impl.py", line 407, in run_asgi
    result = await app(  # type: ignore[func-returns-value]
  File "/home/credirect/Documents/CredirectSoftware/Backend/venv/lib/python3.10/site-packages/uvicorn/middleware/proxy_headers.py", line 78, in __call__
    return await self.app(scope, receive, send)
  File "/home/credirect/Documents/CredirectSoftware/Backend/venv/lib/python3.10/site-packages/fastapi/applications.py", line 270, in __call__
    await super().__call__(scope, receive, send)
  File "/home/credirect/Documents/CredirectSoftware/Backend/venv/lib/python3.10/site-packages/starlette/applications.py", line 124, in __call__
    await self.middleware_stack(scope, receive, send)
  File "/home/credirect/Documents/CredirectSoftware/Backend/venv/lib/python3.10/site-packages/starlette/middleware/errors.py", line 184, in __call__
    raise exc
  File "/home/credirect/Documents/CredirectSoftware/Backend/venv/lib/python3.10/site-packages/starlette/middleware/errors.py", line 162, in __call__
    await self.app(scope, receive, _send)
  File "/home/credirect/Documents/CredirectSoftware/Backend/venv/lib/python3.10/site-packages/starlette/middleware/cors.py", line 92, in __call__
    await self.simple_response(scope, receive, send, request_headers=headers)
  File "/home/credirect/Documents/CredirectSoftware/Backend/venv/lib/python3.10/site-packages/starlette/middleware/cors.py", line 147, in simple_response
    await self.app(scope, receive, send)
  File "/home/credirect/Documents/CredirectSoftware/Backend/venv/lib/python3.10/site-packages/starlette/middleware/exceptions.py", line 75, in __call__
    raise exc
  File "/home/credirect/Documents/CredirectSoftware/Backend/venv/lib/python3.10/site-packages/starlette/middleware/exceptions.py", line 64, in __call__
    await self.app(scope, receive, sender)
  File "/home/credirect/Documents/CredirectSoftware/Backend/venv/lib/python3.10/site-packages/fastapi/middleware/asyncexitstack.py", line 21, in __call__
    raise e
  File "/home/credirect/Documents/CredirectSoftware/Backend/venv/lib/python3.10/site-packages/fastapi/middleware/asyncexitstack.py", line 18, in __call__
    await self.app(scope, receive, send)
  File "/home/credirect/Documents/CredirectSoftware/Backend/venv/lib/python3.10/site-packages/starlette/routing.py", line 680, in __call__
    await route.handle(scope, receive, send)
  File "/home/credirect/Documents/CredirectSoftware/Backend/venv/lib/python3.10/site-packages/starlette/routing.py", line 275, in handle
    await self.app(scope, receive, send)
  File "/home/credirect/Documents/CredirectSoftware/Backend/venv/lib/python3.10/site-packages/starlette/routing.py", line 65, in app
    response = await func(request)
  File "/home/credirect/Documents/CredirectSoftware/Backend/venv/lib/python3.10/site-packages/fastapi/routing.py", line 235, in app
    raw_response = await run_endpoint_function(
  File "/home/credirect/Documents/CredirectSoftware/Backend/venv/lib/python3.10/site-packages/fastapi/routing.py", line 161, in run_endpoint_function
    return await dependant.call(**values)
  File "/home/credirect/Documents/CredirectSoftware/Backend/app/api/api_v1/handlers/credit.py", line 90, in get_facture
    return await CreditService.download_facture(start, end, bank)
  File "/home/credirect/Documents/CredirectSoftware/Backend/app/services/credit_service.py", line 224, in download_facture
    await CreditService.generate_sofac_facture(start, end, bank)
  File "/home/credirect/Documents/CredirectSoftware/Backend/app/services/credit_service.py", line 234, in generate_sofac_facture
    wb = openpyxl.load_workbook("app/static/facture_sofac.xlsx")
  File "/home/credirect/Documents/CredirectSoftware/Backend/venv/lib/python3.10/site-packages/openpyxl/reader/excel.py", line 344, in load_workbook
    reader = ExcelReader(filename, read_only, keep_vba,
  File "/home/credirect/Documents/CredirectSoftware/Backend/venv/lib/python3.10/site-packages/openpyxl/reader/excel.py", line 123, in __init__
    self.archive = _validate_archive(fn)
  File "/home/credirect/Documents/CredirectSoftware/Backend/venv/lib/python3.10/site-packages/openpyxl/reader/excel.py", line 95, in _validate_archive
    archive = ZipFile(filename, 'r')
  File "/usr/lib/python3.10/zipfile.py", line 1249, in __init__
    self.fp = io.open(file, filemode)
FileNotFoundError: [Errno 2] No such file or directory: 'app/static/test_final.xlsx'
[2023-05-15 10:19:28 +0100] [342970] [INFO] Handling signal: term
[2023-05-15 10:19:28 +0100] [342972] [INFO] Shutting down
[2023-05-15 10:19:28 +0100] [342974] [INFO] Shutting down
[2023-05-15 10:19:28 +0100] [342975] [INFO] Shutting down
[2023-05-15 10:19:28 +0100] [342973] [INFO] Shutting down
[2023-05-15 10:19:28 +0100] [342976] [INFO] Shutting down
[2023-05-15 10:19:28 +0100] [342972] [INFO] Waiting for application shutdown.
[2023-05-15 10:19:28 +0100] [342972] [INFO] Application shutdown complete.
[2023-05-15 10:19:28 +0100] [342972] [INFO] Finished server process [342972]
[2023-05-15 10:19:28 +0100] [342972] [INFO] Worker exiting (pid: 342972)
[2023-05-15 10:19:28 +0100] [342974] [INFO] Waiting for application shutdown.
[2023-05-15 10:19:28 +0100] [342974] [INFO] Application shutdown complete.
[2023-05-15 10:19:28 +0100] [342974] [INFO] Finished server process [342974]
[2023-05-15 10:19:28 +0100] [342974] [INFO] Worker exiting (pid: 342974)
[2023-05-15 10:19:28 +0100] [342975] [INFO] Waiting for application shutdown.
[2023-05-15 10:19:28 +0100] [342975] [INFO] Application shutdown complete.
[2023-05-15 10:19:28 +0100] [342975] [INFO] Finished server process [342975]
[2023-05-15 10:19:28 +0100] [342975] [INFO] Worker exiting (pid: 342975)
[2023-05-15 10:19:28 +0100] [342973] [INFO] Waiting for application shutdown.
[2023-05-15 10:19:28 +0100] [342973] [INFO] Application shutdown complete.
[2023-05-15 10:19:28 +0100] [342973] [INFO] Finished server process [342973]
[2023-05-15 10:19:28 +0100] [342973] [INFO] Worker exiting (pid: 342973)
[2023-05-15 10:19:28 +0100] [342976] [INFO] Waiting for application shutdown.
[2023-05-15 10:19:28 +0100] [342976] [INFO] Application shutdown complete.
[2023-05-15 10:19:28 +0100] [342976] [INFO] Finished server process [342976]
[2023-05-15 10:19:28 +0100] [342976] [INFO] Worker exiting (pid: 342976)
[2023-05-15 10:19:29 +0100] [342970] [INFO] Shutting down: Master
[2023-05-15 10:19:29 +0100] [343811] [DEBUG] Current configuration:
  config: /home/credirect/Documents/CredirectSoftware/Backend/gunicorn_conf.py
  wsgi_app: None
  bind: ['0.0.0.0:8000']
  backlog: 2048
  workers: 5
  worker_class: uvicorn.workers.UvicornWorker
  threads: 1
  worker_connections: 1000
  max_requests: 0
  max_requests_jitter: 0
  timeout: 30
  graceful_timeout: 30
  keepalive: 2
  limit_request_line: 4094
  limit_request_fields: 100
  limit_request_field_size: 8190
  reload: False
  reload_engine: auto
  reload_extra_files: []
  spew: False
  check_config: False
  print_config: False
  preload_app: False
  sendfile: None
  reuse_port: False
  chdir: /home/credirect/Documents/CredirectSoftware/Backend
  daemon: False
  raw_env: []
  pidfile: None
  worker_tmp_dir: None
  user: 1000
  group: 1000
  umask: 0
  initgroups: False
  tmp_upload_dir: None
  secure_scheme_headers: {'X-FORWARDED-PROTOCOL': 'ssl', 'X-FORWARDED-PROTO': 'https', 'X-FORWARDED-SSL': 'on'}
  forwarded_allow_ips: ['127.0.0.1']
  accesslog: /home/credirect/Documents/CredirectSoftware/Backend/access_log
  disable_redirect_access_to_syslog: False
  access_log_format: %(h)s %(l)s %(u)s %(t)s "%(r)s" %(s)s %(b)s "%(f)s" "%(a)s"
  errorlog: /home/credirect/Documents/CredirectSoftware/Backend/error_log
  loglevel: debug
  capture_output: False
  logger_class: gunicorn.glogging.Logger
  logconfig: None
  logconfig_dict: {}
  syslog_addr: udp://localhost:514
  syslog: False
  syslog_prefix: None
  syslog_facility: user
  enable_stdio_inheritance: False
  statsd_host: None
  dogstatsd_tags: 
  statsd_prefix: 
  proc_name: None
  default_proc_name: app.app:app
  pythonpath: None
  paste: None
  on_starting: <function OnStarting.on_starting at 0x7f0eed92c0d0>
  on_reload: <function OnReload.on_reload at 0x7f0eed92c1f0>
  when_ready: <function WhenReady.when_ready at 0x7f0eed92c310>
  pre_fork: <function Prefork.pre_fork at 0x7f0eed92c430>
  post_fork: <function Postfork.post_fork at 0x7f0eed92c550>
  post_worker_init: <function PostWorkerInit.post_worker_init at 0x7f0eed92c670>
  worker_int: <function WorkerInt.worker_int at 0x7f0eed92c790>
  worker_abort: <function WorkerAbort.worker_abort at 0x7f0eed92c8b0>
  pre_exec: <function PreExec.pre_exec at 0x7f0eed92c9d0>
  pre_request: <function PreRequest.pre_request at 0x7f0eed92caf0>
  post_request: <function PostRequest.post_request at 0x7f0eed92cb80>
  child_exit: <function ChildExit.child_exit at 0x7f0eed92cca0>
  worker_exit: <function WorkerExit.worker_exit at 0x7f0eed92cdc0>
  nworkers_changed: <function NumWorkersChanged.nworkers_changed at 0x7f0eed92cee0>
  on_exit: <function OnExit.on_exit at 0x7f0eed92d000>
  proxy_protocol: False
  proxy_allow_ips: ['127.0.0.1']
  keyfile: None
  certfile: None
  ssl_version: 2
  cert_reqs: 0
  ca_certs: None
  suppress_ragged_eofs: True
  do_handshake_on_connect: False
  ciphers: None
  raw_paste_global_conf: []
  strip_header_spaces: False
[2023-05-15 10:19:29 +0100] [343811] [INFO] Starting gunicorn 20.1.0
[2023-05-15 10:19:29 +0100] [343811] [DEBUG] Arbiter booted
[2023-05-15 10:19:29 +0100] [343811] [INFO] Listening at: http://0.0.0.0:8000 (343811)
[2023-05-15 10:19:29 +0100] [343811] [INFO] Using worker: uvicorn.workers.UvicornWorker
[2023-05-15 10:19:29 +0100] [343813] [INFO] Booting worker with pid: 343813
[2023-05-15 10:19:29 +0100] [343814] [INFO] Booting worker with pid: 343814
[2023-05-15 10:19:29 +0100] [343815] [INFO] Booting worker with pid: 343815
[2023-05-15 10:19:29 +0100] [343816] [INFO] Booting worker with pid: 343816
[2023-05-15 10:19:29 +0100] [343817] [INFO] Booting worker with pid: 343817
[2023-05-15 10:19:29 +0100] [343811] [DEBUG] 5 workers
[2023-05-15 10:19:30 +0100] [343813] [INFO] Started server process [343813]
[2023-05-15 10:19:30 +0100] [343813] [INFO] Waiting for application startup.
[2023-05-15 10:19:30 +0100] [343814] [INFO] Started server process [343814]
[2023-05-15 10:19:30 +0100] [343814] [INFO] Waiting for application startup.
[2023-05-15 10:19:30 +0100] [343815] [INFO] Started server process [343815]
[2023-05-15 10:19:30 +0100] [343815] [INFO] Waiting for application startup.
[2023-05-15 10:19:30 +0100] [343817] [INFO] Started server process [343817]
[2023-05-15 10:19:30 +0100] [343817] [INFO] Waiting for application startup.
[2023-05-15 10:19:30 +0100] [343816] [INFO] Started server process [343816]
[2023-05-15 10:19:30 +0100] [343816] [INFO] Waiting for application startup.
[2023-05-15 10:19:32 +0100] [343814] [INFO] Application startup complete.
[2023-05-15 10:19:32 +0100] [343817] [INFO] Application startup complete.
[2023-05-15 10:19:32 +0100] [343813] [INFO] Application startup complete.
[2023-05-15 10:19:32 +0100] [343816] [INFO] Application startup complete.
[2023-05-15 10:19:32 +0100] [343815] [INFO] Application startup complete.
[2023-05-15 10:30:51 +0100] [343811] [INFO] Handling signal: term
[2023-05-15 10:30:51 +0100] [343817] [INFO] Shutting down
[2023-05-15 10:30:51 +0100] [343816] [INFO] Shutting down
[2023-05-15 10:30:51 +0100] [343814] [INFO] Shutting down
[2023-05-15 10:30:51 +0100] [343813] [INFO] Shutting down
[2023-05-15 10:30:51 +0100] [343815] [INFO] Shutting down
[2023-05-15 10:30:51 +0100] [343817] [INFO] Waiting for application shutdown.
[2023-05-15 10:30:51 +0100] [343816] [INFO] Waiting for application shutdown.
[2023-05-15 10:30:51 +0100] [343814] [INFO] Waiting for application shutdown.
[2023-05-15 10:30:51 +0100] [343817] [INFO] Application shutdown complete.
[2023-05-15 10:30:51 +0100] [343816] [INFO] Application shutdown complete.
[2023-05-15 10:30:51 +0100] [343814] [INFO] Application shutdown complete.
[2023-05-15 10:30:51 +0100] [343817] [INFO] Finished server process [343817]
[2023-05-15 10:30:51 +0100] [343816] [INFO] Finished server process [343816]
[2023-05-15 10:30:51 +0100] [343814] [INFO] Finished server process [343814]
[2023-05-15 10:30:51 +0100] [343817] [INFO] Worker exiting (pid: 343817)
[2023-05-15 10:30:51 +0100] [343816] [INFO] Worker exiting (pid: 343816)
[2023-05-15 10:30:51 +0100] [343814] [INFO] Worker exiting (pid: 343814)
[2023-05-15 10:30:51 +0100] [343813] [INFO] Waiting for application shutdown.
[2023-05-15 10:30:51 +0100] [343813] [INFO] Application shutdown complete.
[2023-05-15 10:30:51 +0100] [343813] [INFO] Finished server process [343813]
[2023-05-15 10:30:51 +0100] [343813] [INFO] Worker exiting (pid: 343813)
[2023-05-15 10:30:51 +0100] [343815] [INFO] Waiting for application shutdown.
[2023-05-15 10:30:51 +0100] [343815] [INFO] Application shutdown complete.
[2023-05-15 10:30:51 +0100] [343815] [INFO] Finished server process [343815]
[2023-05-15 10:30:51 +0100] [343815] [INFO] Worker exiting (pid: 343815)
[2023-05-15 10:30:52 +0100] [343811] [INFO] Shutting down: Master
[2023-05-15 10:30:52 +0100] [344104] [DEBUG] Current configuration:
  config: /home/credirect/Documents/CredirectSoftware/Backend/gunicorn_conf.py
  wsgi_app: None
  bind: ['0.0.0.0:8000']
  backlog: 2048
  workers: 5
  worker_class: uvicorn.workers.UvicornWorker
  threads: 1
  worker_connections: 1000
  max_requests: 0
  max_requests_jitter: 0
  timeout: 30
  graceful_timeout: 30
  keepalive: 2
  limit_request_line: 4094
  limit_request_fields: 100
  limit_request_field_size: 8190
  reload: False
  reload_engine: auto
  reload_extra_files: []
  spew: False
  check_config: False
  print_config: False
  preload_app: False
  sendfile: None
  reuse_port: False
  chdir: /home/credirect/Documents/CredirectSoftware/Backend
  daemon: False
  raw_env: []
  pidfile: None
  worker_tmp_dir: None
  user: 1000
  group: 1000
  umask: 0
  initgroups: False
  tmp_upload_dir: None
  secure_scheme_headers: {'X-FORWARDED-PROTOCOL': 'ssl', 'X-FORWARDED-PROTO': 'https', 'X-FORWARDED-SSL': 'on'}
  forwarded_allow_ips: ['127.0.0.1']
  accesslog: /home/credirect/Documents/CredirectSoftware/Backend/access_log
  disable_redirect_access_to_syslog: False
  access_log_format: %(h)s %(l)s %(u)s %(t)s "%(r)s" %(s)s %(b)s "%(f)s" "%(a)s"
  errorlog: /home/credirect/Documents/CredirectSoftware/Backend/error_log
  loglevel: debug
  capture_output: False
  logger_class: gunicorn.glogging.Logger
  logconfig: None
  logconfig_dict: {}
  syslog_addr: udp://localhost:514
  syslog: False
  syslog_prefix: None
  syslog_facility: user
  enable_stdio_inheritance: False
  statsd_host: None
  dogstatsd_tags: 
  statsd_prefix: 
  proc_name: None
  default_proc_name: app.app:app
  pythonpath: None
  paste: None
  on_starting: <function OnStarting.on_starting at 0x7f66cae280d0>
  on_reload: <function OnReload.on_reload at 0x7f66cae281f0>
  when_ready: <function WhenReady.when_ready at 0x7f66cae28310>
  pre_fork: <function Prefork.pre_fork at 0x7f66cae28430>
  post_fork: <function Postfork.post_fork at 0x7f66cae28550>
  post_worker_init: <function PostWorkerInit.post_worker_init at 0x7f66cae28670>
  worker_int: <function WorkerInt.worker_int at 0x7f66cae28790>
  worker_abort: <function WorkerAbort.worker_abort at 0x7f66cae288b0>
  pre_exec: <function PreExec.pre_exec at 0x7f66cae289d0>
  pre_request: <function PreRequest.pre_request at 0x7f66cae28af0>
  post_request: <function PostRequest.post_request at 0x7f66cae28b80>
  child_exit: <function ChildExit.child_exit at 0x7f66cae28ca0>
  worker_exit: <function WorkerExit.worker_exit at 0x7f66cae28dc0>
  nworkers_changed: <function NumWorkersChanged.nworkers_changed at 0x7f66cae28ee0>
  on_exit: <function OnExit.on_exit at 0x7f66cae29000>
  proxy_protocol: False
  proxy_allow_ips: ['127.0.0.1']
  keyfile: None
  certfile: None
  ssl_version: 2
  cert_reqs: 0
  ca_certs: None
  suppress_ragged_eofs: True
  do_handshake_on_connect: False
  ciphers: None
  raw_paste_global_conf: []
  strip_header_spaces: False
[2023-05-15 10:30:52 +0100] [344104] [INFO] Starting gunicorn 20.1.0
[2023-05-15 10:30:52 +0100] [344104] [DEBUG] Arbiter booted
[2023-05-15 10:30:52 +0100] [344104] [INFO] Listening at: http://0.0.0.0:8000 (344104)
[2023-05-15 10:30:52 +0100] [344104] [INFO] Using worker: uvicorn.workers.UvicornWorker
[2023-05-15 10:30:52 +0100] [344106] [INFO] Booting worker with pid: 344106
[2023-05-15 10:30:52 +0100] [344107] [INFO] Booting worker with pid: 344107
[2023-05-15 10:30:52 +0100] [344108] [INFO] Booting worker with pid: 344108
[2023-05-15 10:30:52 +0100] [344109] [INFO] Booting worker with pid: 344109
[2023-05-15 10:30:52 +0100] [344110] [INFO] Booting worker with pid: 344110
[2023-05-15 10:30:52 +0100] [344104] [DEBUG] 5 workers
[2023-05-15 10:30:53 +0100] [344107] [INFO] Started server process [344107]
[2023-05-15 10:30:53 +0100] [344107] [INFO] Waiting for application startup.
[2023-05-15 10:30:53 +0100] [344108] [INFO] Started server process [344108]
[2023-05-15 10:30:53 +0100] [344108] [INFO] Waiting for application startup.
[2023-05-15 10:30:53 +0100] [344110] [INFO] Started server process [344110]
[2023-05-15 10:30:53 +0100] [344110] [INFO] Waiting for application startup.
[2023-05-15 10:30:53 +0100] [344106] [INFO] Started server process [344106]
[2023-05-15 10:30:53 +0100] [344106] [INFO] Waiting for application startup.
[2023-05-15 10:30:53 +0100] [344109] [INFO] Started server process [344109]
[2023-05-15 10:30:53 +0100] [344109] [INFO] Waiting for application startup.
[2023-05-15 10:30:55 +0100] [344110] [INFO] Application startup complete.
[2023-05-15 10:30:55 +0100] [344109] [INFO] Application startup complete.
[2023-05-15 10:30:55 +0100] [344106] [INFO] Application startup complete.
[2023-05-15 10:30:55 +0100] [344107] [INFO] Application startup complete.
[2023-05-15 10:30:55 +0100] [344108] [INFO] Application startup complete.
[2023-05-15 10:30:56 +0100] [344107] [ERROR] Exception in ASGI application
Traceback (most recent call last):
  File "/home/credirect/Documents/CredirectSoftware/Backend/venv/lib/python3.10/site-packages/starlette/responses.py", line 331, in __call__
    stat_result = await anyio.to_thread.run_sync(os.stat, self.path)
  File "/home/credirect/Documents/CredirectSoftware/Backend/venv/lib/python3.10/site-packages/anyio/to_thread.py", line 31, in run_sync
    return await get_asynclib().run_sync_in_worker_thread(
  File "/home/credirect/Documents/CredirectSoftware/Backend/venv/lib/python3.10/site-packages/anyio/_backends/_asyncio.py", line 937, in run_sync_in_worker_thread
    return await future
  File "/home/credirect/Documents/CredirectSoftware/Backend/venv/lib/python3.10/site-packages/anyio/_backends/_asyncio.py", line 867, in run
    result = context.run(func, *args)
FileNotFoundError: [Errno 2] Aucun fichier ou dossier de ce type: 'app/temp/facture_cdm.xlsx'

During handling of the above exception, another exception occurred:

Traceback (most recent call last):
  File "/home/credirect/Documents/CredirectSoftware/Backend/venv/lib/python3.10/site-packages/uvicorn/protocols/http/h11_impl.py", line 407, in run_asgi
    result = await app(  # type: ignore[func-returns-value]
  File "/home/credirect/Documents/CredirectSoftware/Backend/venv/lib/python3.10/site-packages/uvicorn/middleware/proxy_headers.py", line 78, in __call__
    return await self.app(scope, receive, send)
  File "/home/credirect/Documents/CredirectSoftware/Backend/venv/lib/python3.10/site-packages/fastapi/applications.py", line 270, in __call__
    await super().__call__(scope, receive, send)
  File "/home/credirect/Documents/CredirectSoftware/Backend/venv/lib/python3.10/site-packages/starlette/applications.py", line 124, in __call__
    await self.middleware_stack(scope, receive, send)
  File "/home/credirect/Documents/CredirectSoftware/Backend/venv/lib/python3.10/site-packages/starlette/middleware/errors.py", line 184, in __call__
    raise exc
  File "/home/credirect/Documents/CredirectSoftware/Backend/venv/lib/python3.10/site-packages/starlette/middleware/errors.py", line 162, in __call__
    await self.app(scope, receive, _send)
  File "/home/credirect/Documents/CredirectSoftware/Backend/venv/lib/python3.10/site-packages/starlette/middleware/cors.py", line 92, in __call__
    await self.simple_response(scope, receive, send, request_headers=headers)
  File "/home/credirect/Documents/CredirectSoftware/Backend/venv/lib/python3.10/site-packages/starlette/middleware/cors.py", line 147, in simple_response
    await self.app(scope, receive, send)
  File "/home/credirect/Documents/CredirectSoftware/Backend/venv/lib/python3.10/site-packages/starlette/middleware/exceptions.py", line 75, in __call__
    raise exc
  File "/home/credirect/Documents/CredirectSoftware/Backend/venv/lib/python3.10/site-packages/starlette/middleware/exceptions.py", line 64, in __call__
    await self.app(scope, receive, sender)
  File "/home/credirect/Documents/CredirectSoftware/Backend/venv/lib/python3.10/site-packages/fastapi/middleware/asyncexitstack.py", line 21, in __call__
    raise e
  File "/home/credirect/Documents/CredirectSoftware/Backend/venv/lib/python3.10/site-packages/fastapi/middleware/asyncexitstack.py", line 18, in __call__
    await self.app(scope, receive, send)
  File "/home/credirect/Documents/CredirectSoftware/Backend/venv/lib/python3.10/site-packages/starlette/routing.py", line 680, in __call__
    await route.handle(scope, receive, send)
  File "/home/credirect/Documents/CredirectSoftware/Backend/venv/lib/python3.10/site-packages/starlette/routing.py", line 275, in handle
    await self.app(scope, receive, send)
  File "/home/credirect/Documents/CredirectSoftware/Backend/venv/lib/python3.10/site-packages/starlette/routing.py", line 68, in app
    await response(scope, receive, send)
  File "/home/credirect/Documents/CredirectSoftware/Backend/venv/lib/python3.10/site-packages/starlette/responses.py", line 334, in __call__
    raise RuntimeError(f"File at path {self.path} does not exist.")
RuntimeError: File at path app/temp/facture_cdm.xlsx does not exist.
[2023-05-15 10:30:59 +0100] [344108] [ERROR] Exception in ASGI application
Traceback (most recent call last):
  File "/home/credirect/Documents/CredirectSoftware/Backend/venv/lib/python3.10/site-packages/starlette/responses.py", line 331, in __call__
    stat_result = await anyio.to_thread.run_sync(os.stat, self.path)
  File "/home/credirect/Documents/CredirectSoftware/Backend/venv/lib/python3.10/site-packages/anyio/to_thread.py", line 31, in run_sync
    return await get_asynclib().run_sync_in_worker_thread(
  File "/home/credirect/Documents/CredirectSoftware/Backend/venv/lib/python3.10/site-packages/anyio/_backends/_asyncio.py", line 937, in run_sync_in_worker_thread
    return await future
  File "/home/credirect/Documents/CredirectSoftware/Backend/venv/lib/python3.10/site-packages/anyio/_backends/_asyncio.py", line 867, in run
    result = context.run(func, *args)
FileNotFoundError: [Errno 2] Aucun fichier ou dossier de ce type: 'app/temp/facture_cdm.xlsx'

During handling of the above exception, another exception occurred:

Traceback (most recent call last):
  File "/home/credirect/Documents/CredirectSoftware/Backend/venv/lib/python3.10/site-packages/uvicorn/protocols/http/h11_impl.py", line 407, in run_asgi
    result = await app(  # type: ignore[func-returns-value]
  File "/home/credirect/Documents/CredirectSoftware/Backend/venv/lib/python3.10/site-packages/uvicorn/middleware/proxy_headers.py", line 78, in __call__
    return await self.app(scope, receive, send)
  File "/home/credirect/Documents/CredirectSoftware/Backend/venv/lib/python3.10/site-packages/fastapi/applications.py", line 270, in __call__
    await super().__call__(scope, receive, send)
  File "/home/credirect/Documents/CredirectSoftware/Backend/venv/lib/python3.10/site-packages/starlette/applications.py", line 124, in __call__
    await self.middleware_stack(scope, receive, send)
  File "/home/credirect/Documents/CredirectSoftware/Backend/venv/lib/python3.10/site-packages/starlette/middleware/errors.py", line 184, in __call__
    raise exc
  File "/home/credirect/Documents/CredirectSoftware/Backend/venv/lib/python3.10/site-packages/starlette/middleware/errors.py", line 162, in __call__
    await self.app(scope, receive, _send)
  File "/home/credirect/Documents/CredirectSoftware/Backend/venv/lib/python3.10/site-packages/starlette/middleware/cors.py", line 92, in __call__
    await self.simple_response(scope, receive, send, request_headers=headers)
  File "/home/credirect/Documents/CredirectSoftware/Backend/venv/lib/python3.10/site-packages/starlette/middleware/cors.py", line 147, in simple_response
    await self.app(scope, receive, send)
  File "/home/credirect/Documents/CredirectSoftware/Backend/venv/lib/python3.10/site-packages/starlette/middleware/exceptions.py", line 75, in __call__
    raise exc
  File "/home/credirect/Documents/CredirectSoftware/Backend/venv/lib/python3.10/site-packages/starlette/middleware/exceptions.py", line 64, in __call__
    await self.app(scope, receive, sender)
  File "/home/credirect/Documents/CredirectSoftware/Backend/venv/lib/python3.10/site-packages/fastapi/middleware/asyncexitstack.py", line 21, in __call__
    raise e
  File "/home/credirect/Documents/CredirectSoftware/Backend/venv/lib/python3.10/site-packages/fastapi/middleware/asyncexitstack.py", line 18, in __call__
    await self.app(scope, receive, send)
  File "/home/credirect/Documents/CredirectSoftware/Backend/venv/lib/python3.10/site-packages/starlette/routing.py", line 680, in __call__
    await route.handle(scope, receive, send)
  File "/home/credirect/Documents/CredirectSoftware/Backend/venv/lib/python3.10/site-packages/starlette/routing.py", line 275, in handle
    await self.app(scope, receive, send)
  File "/home/credirect/Documents/CredirectSoftware/Backend/venv/lib/python3.10/site-packages/starlette/routing.py", line 68, in app
    await response(scope, receive, send)
  File "/home/credirect/Documents/CredirectSoftware/Backend/venv/lib/python3.10/site-packages/starlette/responses.py", line 334, in __call__
    raise RuntimeError(f"File at path {self.path} does not exist.")
RuntimeError: File at path app/temp/facture_cdm.xlsx does not exist.
[2023-05-15 10:33:05 +0100] [344110] [ERROR] Exception in ASGI application
Traceback (most recent call last):
  File "/home/credirect/Documents/CredirectSoftware/Backend/venv/lib/python3.10/site-packages/starlette/responses.py", line 331, in __call__
    stat_result = await anyio.to_thread.run_sync(os.stat, self.path)
  File "/home/credirect/Documents/CredirectSoftware/Backend/venv/lib/python3.10/site-packages/anyio/to_thread.py", line 31, in run_sync
    return await get_asynclib().run_sync_in_worker_thread(
  File "/home/credirect/Documents/CredirectSoftware/Backend/venv/lib/python3.10/site-packages/anyio/_backends/_asyncio.py", line 937, in run_sync_in_worker_thread
    return await future
  File "/home/credirect/Documents/CredirectSoftware/Backend/venv/lib/python3.10/site-packages/anyio/_backends/_asyncio.py", line 867, in run
    result = context.run(func, *args)
FileNotFoundError: [Errno 2] Aucun fichier ou dossier de ce type: 'app/temp/facture_cdm.xlsx'

During handling of the above exception, another exception occurred:

Traceback (most recent call last):
  File "/home/credirect/Documents/CredirectSoftware/Backend/venv/lib/python3.10/site-packages/uvicorn/protocols/http/h11_impl.py", line 407, in run_asgi
    result = await app(  # type: ignore[func-returns-value]
  File "/home/credirect/Documents/CredirectSoftware/Backend/venv/lib/python3.10/site-packages/uvicorn/middleware/proxy_headers.py", line 78, in __call__
    return await self.app(scope, receive, send)
  File "/home/credirect/Documents/CredirectSoftware/Backend/venv/lib/python3.10/site-packages/fastapi/applications.py", line 270, in __call__
    await super().__call__(scope, receive, send)
  File "/home/credirect/Documents/CredirectSoftware/Backend/venv/lib/python3.10/site-packages/starlette/applications.py", line 124, in __call__
    await self.middleware_stack(scope, receive, send)
  File "/home/credirect/Documents/CredirectSoftware/Backend/venv/lib/python3.10/site-packages/starlette/middleware/errors.py", line 184, in __call__
    raise exc
  File "/home/credirect/Documents/CredirectSoftware/Backend/venv/lib/python3.10/site-packages/starlette/middleware/errors.py", line 162, in __call__
    await self.app(scope, receive, _send)
  File "/home/credirect/Documents/CredirectSoftware/Backend/venv/lib/python3.10/site-packages/starlette/middleware/cors.py", line 92, in __call__
    await self.simple_response(scope, receive, send, request_headers=headers)
  File "/home/credirect/Documents/CredirectSoftware/Backend/venv/lib/python3.10/site-packages/starlette/middleware/cors.py", line 147, in simple_response
    await self.app(scope, receive, send)
  File "/home/credirect/Documents/CredirectSoftware/Backend/venv/lib/python3.10/site-packages/starlette/middleware/exceptions.py", line 75, in __call__
    raise exc
  File "/home/credirect/Documents/CredirectSoftware/Backend/venv/lib/python3.10/site-packages/starlette/middleware/exceptions.py", line 64, in __call__
    await self.app(scope, receive, sender)
  File "/home/credirect/Documents/CredirectSoftware/Backend/venv/lib/python3.10/site-packages/fastapi/middleware/asyncexitstack.py", line 21, in __call__
    raise e
  File "/home/credirect/Documents/CredirectSoftware/Backend/venv/lib/python3.10/site-packages/fastapi/middleware/asyncexitstack.py", line 18, in __call__
    await self.app(scope, receive, send)
  File "/home/credirect/Documents/CredirectSoftware/Backend/venv/lib/python3.10/site-packages/starlette/routing.py", line 680, in __call__
    await route.handle(scope, receive, send)
  File "/home/credirect/Documents/CredirectSoftware/Backend/venv/lib/python3.10/site-packages/starlette/routing.py", line 275, in handle
    await self.app(scope, receive, send)
  File "/home/credirect/Documents/CredirectSoftware/Backend/venv/lib/python3.10/site-packages/starlette/routing.py", line 68, in app
    await response(scope, receive, send)
  File "/home/credirect/Documents/CredirectSoftware/Backend/venv/lib/python3.10/site-packages/starlette/responses.py", line 334, in __call__
    raise RuntimeError(f"File at path {self.path} does not exist.")
RuntimeError: File at path app/temp/facture_cdm.xlsx does not exist.
[2023-05-15 10:34:57 +0100] [344110] [ERROR] Exception in ASGI application
Traceback (most recent call last):
  File "/home/credirect/Documents/CredirectSoftware/Backend/venv/lib/python3.10/site-packages/starlette/responses.py", line 331, in __call__
    stat_result = await anyio.to_thread.run_sync(os.stat, self.path)
  File "/home/credirect/Documents/CredirectSoftware/Backend/venv/lib/python3.10/site-packages/anyio/to_thread.py", line 31, in run_sync
    return await get_asynclib().run_sync_in_worker_thread(
  File "/home/credirect/Documents/CredirectSoftware/Backend/venv/lib/python3.10/site-packages/anyio/_backends/_asyncio.py", line 937, in run_sync_in_worker_thread
    return await future
  File "/home/credirect/Documents/CredirectSoftware/Backend/venv/lib/python3.10/site-packages/anyio/_backends/_asyncio.py", line 867, in run
    result = context.run(func, *args)
FileNotFoundError: [Errno 2] Aucun fichier ou dossier de ce type: 'app/temp/facture_cdm.xlsx'

During handling of the above exception, another exception occurred:

Traceback (most recent call last):
  File "/home/credirect/Documents/CredirectSoftware/Backend/venv/lib/python3.10/site-packages/uvicorn/protocols/http/h11_impl.py", line 407, in run_asgi
    result = await app(  # type: ignore[func-returns-value]
  File "/home/credirect/Documents/CredirectSoftware/Backend/venv/lib/python3.10/site-packages/uvicorn/middleware/proxy_headers.py", line 78, in __call__
    return await self.app(scope, receive, send)
  File "/home/credirect/Documents/CredirectSoftware/Backend/venv/lib/python3.10/site-packages/fastapi/applications.py", line 270, in __call__
    await super().__call__(scope, receive, send)
  File "/home/credirect/Documents/CredirectSoftware/Backend/venv/lib/python3.10/site-packages/starlette/applications.py", line 124, in __call__
    await self.middleware_stack(scope, receive, send)
  File "/home/credirect/Documents/CredirectSoftware/Backend/venv/lib/python3.10/site-packages/starlette/middleware/errors.py", line 184, in __call__
    raise exc
  File "/home/credirect/Documents/CredirectSoftware/Backend/venv/lib/python3.10/site-packages/starlette/middleware/errors.py", line 162, in __call__
    await self.app(scope, receive, _send)
  File "/home/credirect/Documents/CredirectSoftware/Backend/venv/lib/python3.10/site-packages/starlette/middleware/cors.py", line 92, in __call__
    await self.simple_response(scope, receive, send, request_headers=headers)
  File "/home/credirect/Documents/CredirectSoftware/Backend/venv/lib/python3.10/site-packages/starlette/middleware/cors.py", line 147, in simple_response
    await self.app(scope, receive, send)
  File "/home/credirect/Documents/CredirectSoftware/Backend/venv/lib/python3.10/site-packages/starlette/middleware/exceptions.py", line 75, in __call__
    raise exc
  File "/home/credirect/Documents/CredirectSoftware/Backend/venv/lib/python3.10/site-packages/starlette/middleware/exceptions.py", line 64, in __call__
    await self.app(scope, receive, sender)
  File "/home/credirect/Documents/CredirectSoftware/Backend/venv/lib/python3.10/site-packages/fastapi/middleware/asyncexitstack.py", line 21, in __call__
    raise e
  File "/home/credirect/Documents/CredirectSoftware/Backend/venv/lib/python3.10/site-packages/fastapi/middleware/asyncexitstack.py", line 18, in __call__
    await self.app(scope, receive, send)
  File "/home/credirect/Documents/CredirectSoftware/Backend/venv/lib/python3.10/site-packages/starlette/routing.py", line 680, in __call__
    await route.handle(scope, receive, send)
  File "/home/credirect/Documents/CredirectSoftware/Backend/venv/lib/python3.10/site-packages/starlette/routing.py", line 275, in handle
    await self.app(scope, receive, send)
  File "/home/credirect/Documents/CredirectSoftware/Backend/venv/lib/python3.10/site-packages/starlette/routing.py", line 68, in app
    await response(scope, receive, send)
  File "/home/credirect/Documents/CredirectSoftware/Backend/venv/lib/python3.10/site-packages/starlette/responses.py", line 334, in __call__
    raise RuntimeError(f"File at path {self.path} does not exist.")
RuntimeError: File at path app/temp/facture_cdm.xlsx does not exist.
[2023-05-15 10:35:00 +0100] [344107] [ERROR] Exception in ASGI application
Traceback (most recent call last):
  File "/home/credirect/Documents/CredirectSoftware/Backend/venv/lib/python3.10/site-packages/starlette/responses.py", line 331, in __call__
    stat_result = await anyio.to_thread.run_sync(os.stat, self.path)
  File "/home/credirect/Documents/CredirectSoftware/Backend/venv/lib/python3.10/site-packages/anyio/to_thread.py", line 31, in run_sync
    return await get_asynclib().run_sync_in_worker_thread(
  File "/home/credirect/Documents/CredirectSoftware/Backend/venv/lib/python3.10/site-packages/anyio/_backends/_asyncio.py", line 937, in run_sync_in_worker_thread
    return await future
  File "/home/credirect/Documents/CredirectSoftware/Backend/venv/lib/python3.10/site-packages/anyio/_backends/_asyncio.py", line 867, in run
    result = context.run(func, *args)
FileNotFoundError: [Errno 2] Aucun fichier ou dossier de ce type: 'app/temp/facture_cdm.xlsx'

During handling of the above exception, another exception occurred:

Traceback (most recent call last):
  File "/home/credirect/Documents/CredirectSoftware/Backend/venv/lib/python3.10/site-packages/uvicorn/protocols/http/h11_impl.py", line 407, in run_asgi
    result = await app(  # type: ignore[func-returns-value]
  File "/home/credirect/Documents/CredirectSoftware/Backend/venv/lib/python3.10/site-packages/uvicorn/middleware/proxy_headers.py", line 78, in __call__
    return await self.app(scope, receive, send)
  File "/home/credirect/Documents/CredirectSoftware/Backend/venv/lib/python3.10/site-packages/fastapi/applications.py", line 270, in __call__
    await super().__call__(scope, receive, send)
  File "/home/credirect/Documents/CredirectSoftware/Backend/venv/lib/python3.10/site-packages/starlette/applications.py", line 124, in __call__
    await self.middleware_stack(scope, receive, send)
  File "/home/credirect/Documents/CredirectSoftware/Backend/venv/lib/python3.10/site-packages/starlette/middleware/errors.py", line 184, in __call__
    raise exc
  File "/home/credirect/Documents/CredirectSoftware/Backend/venv/lib/python3.10/site-packages/starlette/middleware/errors.py", line 162, in __call__
    await self.app(scope, receive, _send)
  File "/home/credirect/Documents/CredirectSoftware/Backend/venv/lib/python3.10/site-packages/starlette/middleware/cors.py", line 92, in __call__
    await self.simple_response(scope, receive, send, request_headers=headers)
  File "/home/credirect/Documents/CredirectSoftware/Backend/venv/lib/python3.10/site-packages/starlette/middleware/cors.py", line 147, in simple_response
    await self.app(scope, receive, send)
  File "/home/credirect/Documents/CredirectSoftware/Backend/venv/lib/python3.10/site-packages/starlette/middleware/exceptions.py", line 75, in __call__
    raise exc
  File "/home/credirect/Documents/CredirectSoftware/Backend/venv/lib/python3.10/site-packages/starlette/middleware/exceptions.py", line 64, in __call__
    await self.app(scope, receive, sender)
  File "/home/credirect/Documents/CredirectSoftware/Backend/venv/lib/python3.10/site-packages/fastapi/middleware/asyncexitstack.py", line 21, in __call__
    raise e
  File "/home/credirect/Documents/CredirectSoftware/Backend/venv/lib/python3.10/site-packages/fastapi/middleware/asyncexitstack.py", line 18, in __call__
    await self.app(scope, receive, send)
  File "/home/credirect/Documents/CredirectSoftware/Backend/venv/lib/python3.10/site-packages/starlette/routing.py", line 680, in __call__
    await route.handle(scope, receive, send)
  File "/home/credirect/Documents/CredirectSoftware/Backend/venv/lib/python3.10/site-packages/starlette/routing.py", line 275, in handle
    await self.app(scope, receive, send)
  File "/home/credirect/Documents/CredirectSoftware/Backend/venv/lib/python3.10/site-packages/starlette/routing.py", line 68, in app
    await response(scope, receive, send)
  File "/home/credirect/Documents/CredirectSoftware/Backend/venv/lib/python3.10/site-packages/starlette/responses.py", line 334, in __call__
    raise RuntimeError(f"File at path {self.path} does not exist.")
RuntimeError: File at path app/temp/facture_cdm.xlsx does not exist.
[2023-05-15 10:35:47 +0100] [344104] [INFO] Handling signal: term
[2023-05-15 10:35:47 +0100] [344108] [INFO] Shutting down
[2023-05-15 10:35:47 +0100] [344106] [INFO] Shutting down
[2023-05-15 10:35:47 +0100] [344109] [INFO] Shutting down
[2023-05-15 10:35:47 +0100] [344107] [INFO] Shutting down
[2023-05-15 10:35:47 +0100] [344110] [INFO] Shutting down
[2023-05-15 10:35:47 +0100] [344108] [INFO] Waiting for application shutdown.
[2023-05-15 10:35:47 +0100] [344108] [INFO] Application shutdown complete.
[2023-05-15 10:35:47 +0100] [344108] [INFO] Finished server process [344108]
[2023-05-15 10:35:47 +0100] [344108] [INFO] Worker exiting (pid: 344108)
[2023-05-15 10:35:47 +0100] [344106] [INFO] Waiting for application shutdown.
[2023-05-15 10:35:47 +0100] [344106] [INFO] Application shutdown complete.
[2023-05-15 10:35:47 +0100] [344109] [INFO] Waiting for application shutdown.
[2023-05-15 10:35:47 +0100] [344106] [INFO] Finished server process [344106]
[2023-05-15 10:35:47 +0100] [344109] [INFO] Application shutdown complete.
[2023-05-15 10:35:47 +0100] [344109] [INFO] Finished server process [344109]
[2023-05-15 10:35:47 +0100] [344106] [INFO] Worker exiting (pid: 344106)
[2023-05-15 10:35:47 +0100] [344109] [INFO] Worker exiting (pid: 344109)
[2023-05-15 10:35:47 +0100] [344107] [INFO] Waiting for application shutdown.
[2023-05-15 10:35:47 +0100] [344107] [INFO] Application shutdown complete.
[2023-05-15 10:35:47 +0100] [344107] [INFO] Finished server process [344107]
[2023-05-15 10:35:47 +0100] [344107] [INFO] Worker exiting (pid: 344107)
[2023-05-15 10:35:47 +0100] [344110] [INFO] Waiting for application shutdown.
[2023-05-15 10:35:47 +0100] [344110] [INFO] Application shutdown complete.
[2023-05-15 10:35:47 +0100] [344110] [INFO] Finished server process [344110]
[2023-05-15 10:35:47 +0100] [344110] [INFO] Worker exiting (pid: 344110)
[2023-05-15 10:35:48 +0100] [344104] [INFO] Shutting down: Master
[2023-05-15 10:35:48 +0100] [344356] [DEBUG] Current configuration:
  config: /home/credirect/Documents/CredirectSoftware/Backend/gunicorn_conf.py
  wsgi_app: None
  bind: ['0.0.0.0:8000']
  backlog: 2048
  workers: 5
  worker_class: uvicorn.workers.UvicornWorker
  threads: 1
  worker_connections: 1000
  max_requests: 0
  max_requests_jitter: 0
  timeout: 30
  graceful_timeout: 30
  keepalive: 2
  limit_request_line: 4094
  limit_request_fields: 100
  limit_request_field_size: 8190
  reload: False
  reload_engine: auto
  reload_extra_files: []
  spew: False
  check_config: False
  print_config: False
  preload_app: False
  sendfile: None
  reuse_port: False
  chdir: /home/credirect/Documents/CredirectSoftware/Backend
  daemon: False
  raw_env: []
  pidfile: None
  worker_tmp_dir: None
  user: 1000
  group: 1000
  umask: 0
  initgroups: False
  tmp_upload_dir: None
  secure_scheme_headers: {'X-FORWARDED-PROTOCOL': 'ssl', 'X-FORWARDED-PROTO': 'https', 'X-FORWARDED-SSL': 'on'}
  forwarded_allow_ips: ['127.0.0.1']
  accesslog: /home/credirect/Documents/CredirectSoftware/Backend/access_log
  disable_redirect_access_to_syslog: False
  access_log_format: %(h)s %(l)s %(u)s %(t)s "%(r)s" %(s)s %(b)s "%(f)s" "%(a)s"
  errorlog: /home/credirect/Documents/CredirectSoftware/Backend/error_log
  loglevel: debug
  capture_output: False
  logger_class: gunicorn.glogging.Logger
  logconfig: None
  logconfig_dict: {}
  syslog_addr: udp://localhost:514
  syslog: False
  syslog_prefix: None
  syslog_facility: user
  enable_stdio_inheritance: False
  statsd_host: None
  dogstatsd_tags: 
  statsd_prefix: 
  proc_name: None
  default_proc_name: app.app:app
  pythonpath: None
  paste: None
  on_starting: <function OnStarting.on_starting at 0x7fd67ed2c0d0>
  on_reload: <function OnReload.on_reload at 0x7fd67ed2c1f0>
  when_ready: <function WhenReady.when_ready at 0x7fd67ed2c310>
  pre_fork: <function Prefork.pre_fork at 0x7fd67ed2c430>
  post_fork: <function Postfork.post_fork at 0x7fd67ed2c550>
  post_worker_init: <function PostWorkerInit.post_worker_init at 0x7fd67ed2c670>
  worker_int: <function WorkerInt.worker_int at 0x7fd67ed2c790>
  worker_abort: <function WorkerAbort.worker_abort at 0x7fd67ed2c8b0>
  pre_exec: <function PreExec.pre_exec at 0x7fd67ed2c9d0>
  pre_request: <function PreRequest.pre_request at 0x7fd67ed2caf0>
  post_request: <function PostRequest.post_request at 0x7fd67ed2cb80>
  child_exit: <function ChildExit.child_exit at 0x7fd67ed2cca0>
  worker_exit: <function WorkerExit.worker_exit at 0x7fd67ed2cdc0>
  nworkers_changed: <function NumWorkersChanged.nworkers_changed at 0x7fd67ed2cee0>
  on_exit: <function OnExit.on_exit at 0x7fd67ed2d000>
  proxy_protocol: False
  proxy_allow_ips: ['127.0.0.1']
  keyfile: None
  certfile: None
  ssl_version: 2
  cert_reqs: 0
  ca_certs: None
  suppress_ragged_eofs: True
  do_handshake_on_connect: False
  ciphers: None
  raw_paste_global_conf: []
  strip_header_spaces: False
[2023-05-15 10:35:48 +0100] [344356] [INFO] Starting gunicorn 20.1.0
[2023-05-15 10:35:48 +0100] [344356] [DEBUG] Arbiter booted
[2023-05-15 10:35:48 +0100] [344356] [INFO] Listening at: http://0.0.0.0:8000 (344356)
[2023-05-15 10:35:48 +0100] [344356] [INFO] Using worker: uvicorn.workers.UvicornWorker
[2023-05-15 10:35:48 +0100] [344358] [INFO] Booting worker with pid: 344358
[2023-05-15 10:35:48 +0100] [344359] [INFO] Booting worker with pid: 344359
[2023-05-15 10:35:48 +0100] [344360] [INFO] Booting worker with pid: 344360
[2023-05-15 10:35:48 +0100] [344361] [INFO] Booting worker with pid: 344361
[2023-05-15 10:35:48 +0100] [344362] [INFO] Booting worker with pid: 344362
[2023-05-15 10:35:48 +0100] [344356] [DEBUG] 5 workers
[2023-05-15 10:35:49 +0100] [344358] [INFO] Started server process [344358]
[2023-05-15 10:35:49 +0100] [344358] [INFO] Waiting for application startup.
[2023-05-15 10:35:49 +0100] [344361] [INFO] Started server process [344361]
[2023-05-15 10:35:49 +0100] [344361] [INFO] Waiting for application startup.
[2023-05-15 10:35:49 +0100] [344360] [INFO] Started server process [344360]
[2023-05-15 10:35:49 +0100] [344360] [INFO] Waiting for application startup.
[2023-05-15 10:35:49 +0100] [344359] [INFO] Started server process [344359]
[2023-05-15 10:35:49 +0100] [344359] [INFO] Waiting for application startup.
[2023-05-15 10:35:50 +0100] [344362] [INFO] Started server process [344362]
[2023-05-15 10:35:50 +0100] [344362] [INFO] Waiting for application startup.
[2023-05-15 10:35:51 +0100] [344361] [INFO] Application startup complete.
[2023-05-15 10:35:51 +0100] [344358] [INFO] Application startup complete.
[2023-05-15 10:35:51 +0100] [344360] [INFO] Application startup complete.
[2023-05-15 10:35:51 +0100] [344359] [INFO] Application startup complete.
[2023-05-15 10:35:51 +0100] [344362] [INFO] Application startup complete.
[2023-05-15 10:35:57 +0100] [344358] [ERROR] Exception in ASGI application
Traceback (most recent call last):
  File "/home/credirect/Documents/CredirectSoftware/Backend/venv/lib/python3.10/site-packages/starlette/responses.py", line 331, in __call__
    stat_result = await anyio.to_thread.run_sync(os.stat, self.path)
  File "/home/credirect/Documents/CredirectSoftware/Backend/venv/lib/python3.10/site-packages/anyio/to_thread.py", line 31, in run_sync
    return await get_asynclib().run_sync_in_worker_thread(
  File "/home/credirect/Documents/CredirectSoftware/Backend/venv/lib/python3.10/site-packages/anyio/_backends/_asyncio.py", line 937, in run_sync_in_worker_thread
    return await future
  File "/home/credirect/Documents/CredirectSoftware/Backend/venv/lib/python3.10/site-packages/anyio/_backends/_asyncio.py", line 867, in run
    result = context.run(func, *args)
FileNotFoundError: [Errno 2] Aucun fichier ou dossier de ce type: 'app/temp/facture_cdm.xlsx'

During handling of the above exception, another exception occurred:

Traceback (most recent call last):
  File "/home/credirect/Documents/CredirectSoftware/Backend/venv/lib/python3.10/site-packages/uvicorn/protocols/http/h11_impl.py", line 407, in run_asgi
    result = await app(  # type: ignore[func-returns-value]
  File "/home/credirect/Documents/CredirectSoftware/Backend/venv/lib/python3.10/site-packages/uvicorn/middleware/proxy_headers.py", line 78, in __call__
    return await self.app(scope, receive, send)
  File "/home/credirect/Documents/CredirectSoftware/Backend/venv/lib/python3.10/site-packages/fastapi/applications.py", line 270, in __call__
    await super().__call__(scope, receive, send)
  File "/home/credirect/Documents/CredirectSoftware/Backend/venv/lib/python3.10/site-packages/starlette/applications.py", line 124, in __call__
    await self.middleware_stack(scope, receive, send)
  File "/home/credirect/Documents/CredirectSoftware/Backend/venv/lib/python3.10/site-packages/starlette/middleware/errors.py", line 184, in __call__
    raise exc
  File "/home/credirect/Documents/CredirectSoftware/Backend/venv/lib/python3.10/site-packages/starlette/middleware/errors.py", line 162, in __call__
    await self.app(scope, receive, _send)
  File "/home/credirect/Documents/CredirectSoftware/Backend/venv/lib/python3.10/site-packages/starlette/middleware/cors.py", line 92, in __call__
    await self.simple_response(scope, receive, send, request_headers=headers)
  File "/home/credirect/Documents/CredirectSoftware/Backend/venv/lib/python3.10/site-packages/starlette/middleware/cors.py", line 147, in simple_response
    await self.app(scope, receive, send)
  File "/home/credirect/Documents/CredirectSoftware/Backend/venv/lib/python3.10/site-packages/starlette/middleware/exceptions.py", line 75, in __call__
    raise exc
  File "/home/credirect/Documents/CredirectSoftware/Backend/venv/lib/python3.10/site-packages/starlette/middleware/exceptions.py", line 64, in __call__
    await self.app(scope, receive, sender)
  File "/home/credirect/Documents/CredirectSoftware/Backend/venv/lib/python3.10/site-packages/fastapi/middleware/asyncexitstack.py", line 21, in __call__
    raise e
  File "/home/credirect/Documents/CredirectSoftware/Backend/venv/lib/python3.10/site-packages/fastapi/middleware/asyncexitstack.py", line 18, in __call__
    await self.app(scope, receive, send)
  File "/home/credirect/Documents/CredirectSoftware/Backend/venv/lib/python3.10/site-packages/starlette/routing.py", line 680, in __call__
    await route.handle(scope, receive, send)
  File "/home/credirect/Documents/CredirectSoftware/Backend/venv/lib/python3.10/site-packages/starlette/routing.py", line 275, in handle
    await self.app(scope, receive, send)
  File "/home/credirect/Documents/CredirectSoftware/Backend/venv/lib/python3.10/site-packages/starlette/routing.py", line 68, in app
    await response(scope, receive, send)
  File "/home/credirect/Documents/CredirectSoftware/Backend/venv/lib/python3.10/site-packages/starlette/responses.py", line 334, in __call__
    raise RuntimeError(f"File at path {self.path} does not exist.")
RuntimeError: File at path app/temp/facture_cdm.xlsx does not exist.
[2023-05-15 10:37:02 +0100] [344356] [INFO] Handling signal: term
[2023-05-15 10:37:02 +0100] [344361] [INFO] Shutting down
[2023-05-15 10:37:02 +0100] [344358] [INFO] Shutting down
[2023-05-15 10:37:02 +0100] [344360] [INFO] Shutting down
[2023-05-15 10:37:02 +0100] [344359] [INFO] Shutting down
[2023-05-15 10:37:02 +0100] [344362] [INFO] Shutting down
[2023-05-15 10:37:02 +0100] [344361] [INFO] Waiting for application shutdown.
[2023-05-15 10:37:02 +0100] [344361] [INFO] Application shutdown complete.
[2023-05-15 10:37:02 +0100] [344361] [INFO] Finished server process [344361]
[2023-05-15 10:37:02 +0100] [344361] [INFO] Worker exiting (pid: 344361)
[2023-05-15 10:37:02 +0100] [344358] [INFO] Waiting for application shutdown.
[2023-05-15 10:37:02 +0100] [344358] [INFO] Application shutdown complete.
[2023-05-15 10:37:02 +0100] [344358] [INFO] Finished server process [344358]
[2023-05-15 10:37:02 +0100] [344358] [INFO] Worker exiting (pid: 344358)
[2023-05-15 10:37:02 +0100] [344360] [INFO] Waiting for application shutdown.
[2023-05-15 10:37:02 +0100] [344360] [INFO] Application shutdown complete.
[2023-05-15 10:37:02 +0100] [344360] [INFO] Finished server process [344360]
[2023-05-15 10:37:02 +0100] [344360] [INFO] Worker exiting (pid: 344360)
[2023-05-15 10:37:02 +0100] [344359] [INFO] Waiting for application shutdown.
[2023-05-15 10:37:02 +0100] [344362] [INFO] Waiting for application shutdown.
[2023-05-15 10:37:02 +0100] [344359] [INFO] Application shutdown complete.
[2023-05-15 10:37:02 +0100] [344362] [INFO] Application shutdown complete.
[2023-05-15 10:37:02 +0100] [344359] [INFO] Finished server process [344359]
[2023-05-15 10:37:02 +0100] [344362] [INFO] Finished server process [344362]
[2023-05-15 10:37:02 +0100] [344359] [INFO] Worker exiting (pid: 344359)
[2023-05-15 10:37:02 +0100] [344362] [INFO] Worker exiting (pid: 344362)
[2023-05-15 10:37:03 +0100] [344356] [INFO] Shutting down: Master
[2023-05-15 10:37:03 +0100] [344480] [DEBUG] Current configuration:
  config: /home/credirect/Documents/CredirectSoftware/Backend/gunicorn_conf.py
  wsgi_app: None
  bind: ['0.0.0.0:8000']
  backlog: 2048
  workers: 5
  worker_class: uvicorn.workers.UvicornWorker
  threads: 1
  worker_connections: 1000
  max_requests: 0
  max_requests_jitter: 0
  timeout: 30
  graceful_timeout: 30
  keepalive: 2
  limit_request_line: 4094
  limit_request_fields: 100
  limit_request_field_size: 8190
  reload: False
  reload_engine: auto
  reload_extra_files: []
  spew: False
  check_config: False
  print_config: False
  preload_app: False
  sendfile: None
  reuse_port: False
  chdir: /home/credirect/Documents/CredirectSoftware/Backend
  daemon: False
  raw_env: []
  pidfile: None
  worker_tmp_dir: None
  user: 1000
  group: 1000
  umask: 0
  initgroups: False
  tmp_upload_dir: None
  secure_scheme_headers: {'X-FORWARDED-PROTOCOL': 'ssl', 'X-FORWARDED-PROTO': 'https', 'X-FORWARDED-SSL': 'on'}
  forwarded_allow_ips: ['127.0.0.1']
  accesslog: /home/credirect/Documents/CredirectSoftware/Backend/access_log
  disable_redirect_access_to_syslog: False
  access_log_format: %(h)s %(l)s %(u)s %(t)s "%(r)s" %(s)s %(b)s "%(f)s" "%(a)s"
  errorlog: /home/credirect/Documents/CredirectSoftware/Backend/error_log
  loglevel: debug
  capture_output: False
  logger_class: gunicorn.glogging.Logger
  logconfig: None
  logconfig_dict: {}
  syslog_addr: udp://localhost:514
  syslog: False
  syslog_prefix: None
  syslog_facility: user
  enable_stdio_inheritance: False
  statsd_host: None
  dogstatsd_tags: 
  statsd_prefix: 
  proc_name: None
  default_proc_name: app.app:app
  pythonpath: None
  paste: None
  on_starting: <function OnStarting.on_starting at 0x7fc2372b00d0>
  on_reload: <function OnReload.on_reload at 0x7fc2372b01f0>
  when_ready: <function WhenReady.when_ready at 0x7fc2372b0310>
  pre_fork: <function Prefork.pre_fork at 0x7fc2372b0430>
  post_fork: <function Postfork.post_fork at 0x7fc2372b0550>
  post_worker_init: <function PostWorkerInit.post_worker_init at 0x7fc2372b0670>
  worker_int: <function WorkerInt.worker_int at 0x7fc2372b0790>
  worker_abort: <function WorkerAbort.worker_abort at 0x7fc2372b08b0>
  pre_exec: <function PreExec.pre_exec at 0x7fc2372b09d0>
  pre_request: <function PreRequest.pre_request at 0x7fc2372b0af0>
  post_request: <function PostRequest.post_request at 0x7fc2372b0b80>
  child_exit: <function ChildExit.child_exit at 0x7fc2372b0ca0>
  worker_exit: <function WorkerExit.worker_exit at 0x7fc2372b0dc0>
  nworkers_changed: <function NumWorkersChanged.nworkers_changed at 0x7fc2372b0ee0>
  on_exit: <function OnExit.on_exit at 0x7fc2372b1000>
  proxy_protocol: False
  proxy_allow_ips: ['127.0.0.1']
  keyfile: None
  certfile: None
  ssl_version: 2
  cert_reqs: 0
  ca_certs: None
  suppress_ragged_eofs: True
  do_handshake_on_connect: False
  ciphers: None
  raw_paste_global_conf: []
  strip_header_spaces: False
[2023-05-15 10:37:03 +0100] [344480] [INFO] Starting gunicorn 20.1.0
[2023-05-15 10:37:03 +0100] [344480] [DEBUG] Arbiter booted
[2023-05-15 10:37:03 +0100] [344480] [INFO] Listening at: http://0.0.0.0:8000 (344480)
[2023-05-15 10:37:03 +0100] [344480] [INFO] Using worker: uvicorn.workers.UvicornWorker
[2023-05-15 10:37:03 +0100] [344483] [INFO] Booting worker with pid: 344483
[2023-05-15 10:37:03 +0100] [344484] [INFO] Booting worker with pid: 344484
[2023-05-15 10:37:03 +0100] [344485] [INFO] Booting worker with pid: 344485
[2023-05-15 10:37:03 +0100] [344486] [INFO] Booting worker with pid: 344486
[2023-05-15 10:37:03 +0100] [344480] [DEBUG] 5 workers
[2023-05-15 10:37:03 +0100] [344487] [INFO] Booting worker with pid: 344487
[2023-05-15 10:37:04 +0100] [344485] [INFO] Started server process [344485]
[2023-05-15 10:37:04 +0100] [344485] [INFO] Waiting for application startup.
[2023-05-15 10:37:04 +0100] [344483] [INFO] Started server process [344483]
[2023-05-15 10:37:04 +0100] [344483] [INFO] Waiting for application startup.
[2023-05-15 10:37:04 +0100] [344486] [INFO] Started server process [344486]
[2023-05-15 10:37:04 +0100] [344486] [INFO] Waiting for application startup.
[2023-05-15 10:37:04 +0100] [344484] [INFO] Started server process [344484]
[2023-05-15 10:37:04 +0100] [344484] [INFO] Waiting for application startup.
[2023-05-15 10:37:04 +0100] [344487] [INFO] Started server process [344487]
[2023-05-15 10:37:04 +0100] [344487] [INFO] Waiting for application startup.
[2023-05-15 10:37:06 +0100] [344484] [INFO] Application startup complete.
[2023-05-15 10:37:06 +0100] [344483] [INFO] Application startup complete.
[2023-05-15 10:37:06 +0100] [344484] [ERROR] Exception in ASGI application
Traceback (most recent call last):
  File "/home/credirect/Documents/CredirectSoftware/Backend/venv/lib/python3.10/site-packages/uvicorn/protocols/http/h11_impl.py", line 407, in run_asgi
    result = await app(  # type: ignore[func-returns-value]
  File "/home/credirect/Documents/CredirectSoftware/Backend/venv/lib/python3.10/site-packages/uvicorn/middleware/proxy_headers.py", line 78, in __call__
    return await self.app(scope, receive, send)
  File "/home/credirect/Documents/CredirectSoftware/Backend/venv/lib/python3.10/site-packages/fastapi/applications.py", line 270, in __call__
    await super().__call__(scope, receive, send)
  File "/home/credirect/Documents/CredirectSoftware/Backend/venv/lib/python3.10/site-packages/starlette/applications.py", line 124, in __call__
    await self.middleware_stack(scope, receive, send)
  File "/home/credirect/Documents/CredirectSoftware/Backend/venv/lib/python3.10/site-packages/starlette/middleware/errors.py", line 184, in __call__
    raise exc
  File "/home/credirect/Documents/CredirectSoftware/Backend/venv/lib/python3.10/site-packages/starlette/middleware/errors.py", line 162, in __call__
    await self.app(scope, receive, _send)
  File "/home/credirect/Documents/CredirectSoftware/Backend/venv/lib/python3.10/site-packages/starlette/middleware/cors.py", line 92, in __call__
    await self.simple_response(scope, receive, send, request_headers=headers)
  File "/home/credirect/Documents/CredirectSoftware/Backend/venv/lib/python3.10/site-packages/starlette/middleware/cors.py", line 147, in simple_response
    await self.app(scope, receive, send)
  File "/home/credirect/Documents/CredirectSoftware/Backend/venv/lib/python3.10/site-packages/starlette/middleware/exceptions.py", line 75, in __call__
    raise exc
  File "/home/credirect/Documents/CredirectSoftware/Backend/venv/lib/python3.10/site-packages/starlette/middleware/exceptions.py", line 64, in __call__
    await self.app(scope, receive, sender)
  File "/home/credirect/Documents/CredirectSoftware/Backend/venv/lib/python3.10/site-packages/fastapi/middleware/asyncexitstack.py", line 21, in __call__
    raise e
  File "/home/credirect/Documents/CredirectSoftware/Backend/venv/lib/python3.10/site-packages/fastapi/middleware/asyncexitstack.py", line 18, in __call__
    await self.app(scope, receive, send)
  File "/home/credirect/Documents/CredirectSoftware/Backend/venv/lib/python3.10/site-packages/starlette/routing.py", line 680, in __call__
    await route.handle(scope, receive, send)
  File "/home/credirect/Documents/CredirectSoftware/Backend/venv/lib/python3.10/site-packages/starlette/routing.py", line 275, in handle
    await self.app(scope, receive, send)
  File "/home/credirect/Documents/CredirectSoftware/Backend/venv/lib/python3.10/site-packages/starlette/routing.py", line 65, in app
    response = await func(request)
  File "/home/credirect/Documents/CredirectSoftware/Backend/venv/lib/python3.10/site-packages/fastapi/routing.py", line 235, in app
    raw_response = await run_endpoint_function(
  File "/home/credirect/Documents/CredirectSoftware/Backend/venv/lib/python3.10/site-packages/fastapi/routing.py", line 161, in run_endpoint_function
    return await dependant.call(**values)
  File "/home/credirect/Documents/CredirectSoftware/Backend/app/api/api_v1/handlers/credit.py", line 90, in get_facture
    return await CreditService.download_facture(start, end, bank)
  File "/home/credirect/Documents/CredirectSoftware/Backend/app/services/credit_service.py", line 227, in download_facture
    await CreditService.generate_cdm_facture(start, end, bank)
  File "/home/credirect/Documents/CredirectSoftware/Backend/app/services/credit_service.py", line 275, in generate_cdm_facture
    "$gte":datetime.fromisoformat(str(start).replace("Z", "")),
ValueError: Invalid isoformat string: '01/04/2023'
[2023-05-15 10:37:06 +0100] [344486] [INFO] Application startup complete.
[2023-05-15 10:37:06 +0100] [344485] [INFO] Application startup complete.
[2023-05-15 10:37:06 +0100] [344487] [INFO] Application startup complete.
[2023-05-15 10:37:07 +0100] [344487] [ERROR] Exception in ASGI application
Traceback (most recent call last):
  File "/home/credirect/Documents/CredirectSoftware/Backend/venv/lib/python3.10/site-packages/uvicorn/protocols/http/h11_impl.py", line 407, in run_asgi
    result = await app(  # type: ignore[func-returns-value]
  File "/home/credirect/Documents/CredirectSoftware/Backend/venv/lib/python3.10/site-packages/uvicorn/middleware/proxy_headers.py", line 78, in __call__
    return await self.app(scope, receive, send)
  File "/home/credirect/Documents/CredirectSoftware/Backend/venv/lib/python3.10/site-packages/fastapi/applications.py", line 270, in __call__
    await super().__call__(scope, receive, send)
  File "/home/credirect/Documents/CredirectSoftware/Backend/venv/lib/python3.10/site-packages/starlette/applications.py", line 124, in __call__
    await self.middleware_stack(scope, receive, send)
  File "/home/credirect/Documents/CredirectSoftware/Backend/venv/lib/python3.10/site-packages/starlette/middleware/errors.py", line 184, in __call__
    raise exc
  File "/home/credirect/Documents/CredirectSoftware/Backend/venv/lib/python3.10/site-packages/starlette/middleware/errors.py", line 162, in __call__
    await self.app(scope, receive, _send)
  File "/home/credirect/Documents/CredirectSoftware/Backend/venv/lib/python3.10/site-packages/starlette/middleware/cors.py", line 92, in __call__
    await self.simple_response(scope, receive, send, request_headers=headers)
  File "/home/credirect/Documents/CredirectSoftware/Backend/venv/lib/python3.10/site-packages/starlette/middleware/cors.py", line 147, in simple_response
    await self.app(scope, receive, send)
  File "/home/credirect/Documents/CredirectSoftware/Backend/venv/lib/python3.10/site-packages/starlette/middleware/exceptions.py", line 75, in __call__
    raise exc
  File "/home/credirect/Documents/CredirectSoftware/Backend/venv/lib/python3.10/site-packages/starlette/middleware/exceptions.py", line 64, in __call__
    await self.app(scope, receive, sender)
  File "/home/credirect/Documents/CredirectSoftware/Backend/venv/lib/python3.10/site-packages/fastapi/middleware/asyncexitstack.py", line 21, in __call__
    raise e
  File "/home/credirect/Documents/CredirectSoftware/Backend/venv/lib/python3.10/site-packages/fastapi/middleware/asyncexitstack.py", line 18, in __call__
    await self.app(scope, receive, send)
  File "/home/credirect/Documents/CredirectSoftware/Backend/venv/lib/python3.10/site-packages/starlette/routing.py", line 680, in __call__
    await route.handle(scope, receive, send)
  File "/home/credirect/Documents/CredirectSoftware/Backend/venv/lib/python3.10/site-packages/starlette/routing.py", line 275, in handle
    await self.app(scope, receive, send)
  File "/home/credirect/Documents/CredirectSoftware/Backend/venv/lib/python3.10/site-packages/starlette/routing.py", line 65, in app
    response = await func(request)
  File "/home/credirect/Documents/CredirectSoftware/Backend/venv/lib/python3.10/site-packages/fastapi/routing.py", line 235, in app
    raw_response = await run_endpoint_function(
  File "/home/credirect/Documents/CredirectSoftware/Backend/venv/lib/python3.10/site-packages/fastapi/routing.py", line 161, in run_endpoint_function
    return await dependant.call(**values)
  File "/home/credirect/Documents/CredirectSoftware/Backend/app/api/api_v1/handlers/credit.py", line 90, in get_facture
    return await CreditService.download_facture(start, end, bank)
  File "/home/credirect/Documents/CredirectSoftware/Backend/app/services/credit_service.py", line 227, in download_facture
    await CreditService.generate_cdm_facture(start, end, bank)
  File "/home/credirect/Documents/CredirectSoftware/Backend/app/services/credit_service.py", line 275, in generate_cdm_facture
    "$gte":datetime.fromisoformat(str(start).replace("Z", "")),
ValueError: Invalid isoformat string: '01/04/2023'
[2023-05-15 10:38:05 +0100] [344480] [INFO] Handling signal: term
[2023-05-15 10:38:05 +0100] [344487] [INFO] Shutting down
[2023-05-15 10:38:05 +0100] [344486] [INFO] Shutting down
[2023-05-15 10:38:05 +0100] [344485] [INFO] Shutting down
[2023-05-15 10:38:05 +0100] [344483] [INFO] Shutting down
[2023-05-15 10:38:05 +0100] [344484] [INFO] Shutting down
[2023-05-15 10:38:05 +0100] [344487] [INFO] Waiting for application shutdown.
[2023-05-15 10:38:05 +0100] [344487] [INFO] Application shutdown complete.
[2023-05-15 10:38:05 +0100] [344487] [INFO] Finished server process [344487]
[2023-05-15 10:38:05 +0100] [344487] [INFO] Worker exiting (pid: 344487)
[2023-05-15 10:38:05 +0100] [344486] [INFO] Waiting for application shutdown.
[2023-05-15 10:38:05 +0100] [344486] [INFO] Application shutdown complete.
[2023-05-15 10:38:05 +0100] [344486] [INFO] Finished server process [344486]
[2023-05-15 10:38:05 +0100] [344486] [INFO] Worker exiting (pid: 344486)
[2023-05-15 10:38:05 +0100] [344485] [INFO] Waiting for application shutdown.
[2023-05-15 10:38:05 +0100] [344483] [INFO] Waiting for application shutdown.
[2023-05-15 10:38:05 +0100] [344485] [INFO] Application shutdown complete.
[2023-05-15 10:38:05 +0100] [344485] [INFO] Finished server process [344485]
[2023-05-15 10:38:05 +0100] [344483] [INFO] Application shutdown complete.
[2023-05-15 10:38:05 +0100] [344483] [INFO] Finished server process [344483]
[2023-05-15 10:38:05 +0100] [344485] [INFO] Worker exiting (pid: 344485)
[2023-05-15 10:38:05 +0100] [344483] [INFO] Worker exiting (pid: 344483)
[2023-05-15 10:38:05 +0100] [344484] [INFO] Waiting for application shutdown.
[2023-05-15 10:38:05 +0100] [344484] [INFO] Application shutdown complete.
[2023-05-15 10:38:05 +0100] [344484] [INFO] Finished server process [344484]
[2023-05-15 10:38:05 +0100] [344484] [INFO] Worker exiting (pid: 344484)
[2023-05-15 10:38:06 +0100] [344480] [INFO] Shutting down: Master
[2023-05-15 10:38:06 +0100] [344591] [DEBUG] Current configuration:
  config: /home/credirect/Documents/CredirectSoftware/Backend/gunicorn_conf.py
  wsgi_app: None
  bind: ['0.0.0.0:8000']
  backlog: 2048
  workers: 5
  worker_class: uvicorn.workers.UvicornWorker
  threads: 1
  worker_connections: 1000
  max_requests: 0
  max_requests_jitter: 0
  timeout: 30
  graceful_timeout: 30
  keepalive: 2
  limit_request_line: 4094
  limit_request_fields: 100
  limit_request_field_size: 8190
  reload: False
  reload_engine: auto
  reload_extra_files: []
  spew: False
  check_config: False
  print_config: False
  preload_app: False
  sendfile: None
  reuse_port: False
  chdir: /home/credirect/Documents/CredirectSoftware/Backend
  daemon: False
  raw_env: []
  pidfile: None
  worker_tmp_dir: None
  user: 1000
  group: 1000
  umask: 0
  initgroups: False
  tmp_upload_dir: None
  secure_scheme_headers: {'X-FORWARDED-PROTOCOL': 'ssl', 'X-FORWARDED-PROTO': 'https', 'X-FORWARDED-SSL': 'on'}
  forwarded_allow_ips: ['127.0.0.1']
  accesslog: /home/credirect/Documents/CredirectSoftware/Backend/access_log
  disable_redirect_access_to_syslog: False
  access_log_format: %(h)s %(l)s %(u)s %(t)s "%(r)s" %(s)s %(b)s "%(f)s" "%(a)s"
  errorlog: /home/credirect/Documents/CredirectSoftware/Backend/error_log
  loglevel: debug
  capture_output: False
  logger_class: gunicorn.glogging.Logger
  logconfig: None
  logconfig_dict: {}
  syslog_addr: udp://localhost:514
  syslog: False
  syslog_prefix: None
  syslog_facility: user
  enable_stdio_inheritance: False
  statsd_host: None
  dogstatsd_tags: 
  statsd_prefix: 
  proc_name: None
  default_proc_name: app.app:app
  pythonpath: None
  paste: None
  on_starting: <function OnStarting.on_starting at 0x7f29ecab00d0>
  on_reload: <function OnReload.on_reload at 0x7f29ecab01f0>
  when_ready: <function WhenReady.when_ready at 0x7f29ecab0310>
  pre_fork: <function Prefork.pre_fork at 0x7f29ecab0430>
  post_fork: <function Postfork.post_fork at 0x7f29ecab0550>
  post_worker_init: <function PostWorkerInit.post_worker_init at 0x7f29ecab0670>
  worker_int: <function WorkerInt.worker_int at 0x7f29ecab0790>
  worker_abort: <function WorkerAbort.worker_abort at 0x7f29ecab08b0>
  pre_exec: <function PreExec.pre_exec at 0x7f29ecab09d0>
  pre_request: <function PreRequest.pre_request at 0x7f29ecab0af0>
  post_request: <function PostRequest.post_request at 0x7f29ecab0b80>
  child_exit: <function ChildExit.child_exit at 0x7f29ecab0ca0>
  worker_exit: <function WorkerExit.worker_exit at 0x7f29ecab0dc0>
  nworkers_changed: <function NumWorkersChanged.nworkers_changed at 0x7f29ecab0ee0>
  on_exit: <function OnExit.on_exit at 0x7f29ecab1000>
  proxy_protocol: False
  proxy_allow_ips: ['127.0.0.1']
  keyfile: None
  certfile: None
  ssl_version: 2
  cert_reqs: 0
  ca_certs: None
  suppress_ragged_eofs: True
  do_handshake_on_connect: False
  ciphers: None
  raw_paste_global_conf: []
  strip_header_spaces: False
[2023-05-15 10:38:06 +0100] [344591] [INFO] Starting gunicorn 20.1.0
[2023-05-15 10:38:06 +0100] [344591] [DEBUG] Arbiter booted
[2023-05-15 10:38:06 +0100] [344591] [INFO] Listening at: http://0.0.0.0:8000 (344591)
[2023-05-15 10:38:06 +0100] [344591] [INFO] Using worker: uvicorn.workers.UvicornWorker
[2023-05-15 10:38:06 +0100] [344593] [INFO] Booting worker with pid: 344593
[2023-05-15 10:38:06 +0100] [344594] [INFO] Booting worker with pid: 344594
[2023-05-15 10:38:06 +0100] [344595] [INFO] Booting worker with pid: 344595
[2023-05-15 10:38:06 +0100] [344596] [INFO] Booting worker with pid: 344596
[2023-05-15 10:38:06 +0100] [344597] [INFO] Booting worker with pid: 344597
[2023-05-15 10:38:06 +0100] [344591] [DEBUG] 5 workers
[2023-05-15 10:38:07 +0100] [344593] [INFO] Started server process [344593]
[2023-05-15 10:38:07 +0100] [344593] [INFO] Waiting for application startup.
[2023-05-15 10:38:07 +0100] [344595] [INFO] Started server process [344595]
[2023-05-15 10:38:07 +0100] [344595] [INFO] Waiting for application startup.
[2023-05-15 10:38:07 +0100] [344594] [INFO] Started server process [344594]
[2023-05-15 10:38:07 +0100] [344594] [INFO] Waiting for application startup.
[2023-05-15 10:38:07 +0100] [344596] [INFO] Started server process [344596]
[2023-05-15 10:38:07 +0100] [344596] [INFO] Waiting for application startup.
[2023-05-15 10:38:07 +0100] [344597] [INFO] Started server process [344597]
[2023-05-15 10:38:07 +0100] [344597] [INFO] Waiting for application startup.
[2023-05-15 10:38:09 +0100] [344597] [INFO] Application startup complete.
[2023-05-15 10:38:09 +0100] [344597] [ERROR] Exception in ASGI application
Traceback (most recent call last):
  File "/home/credirect/Documents/CredirectSoftware/Backend/venv/lib/python3.10/site-packages/uvicorn/protocols/http/h11_impl.py", line 407, in run_asgi
    result = await app(  # type: ignore[func-returns-value]
  File "/home/credirect/Documents/CredirectSoftware/Backend/venv/lib/python3.10/site-packages/uvicorn/middleware/proxy_headers.py", line 78, in __call__
    return await self.app(scope, receive, send)
  File "/home/credirect/Documents/CredirectSoftware/Backend/venv/lib/python3.10/site-packages/fastapi/applications.py", line 270, in __call__
    await super().__call__(scope, receive, send)
  File "/home/credirect/Documents/CredirectSoftware/Backend/venv/lib/python3.10/site-packages/starlette/applications.py", line 124, in __call__
    await self.middleware_stack(scope, receive, send)
  File "/home/credirect/Documents/CredirectSoftware/Backend/venv/lib/python3.10/site-packages/starlette/middleware/errors.py", line 184, in __call__
    raise exc
  File "/home/credirect/Documents/CredirectSoftware/Backend/venv/lib/python3.10/site-packages/starlette/middleware/errors.py", line 162, in __call__
    await self.app(scope, receive, _send)
  File "/home/credirect/Documents/CredirectSoftware/Backend/venv/lib/python3.10/site-packages/starlette/middleware/cors.py", line 92, in __call__
    await self.simple_response(scope, receive, send, request_headers=headers)
  File "/home/credirect/Documents/CredirectSoftware/Backend/venv/lib/python3.10/site-packages/starlette/middleware/cors.py", line 147, in simple_response
    await self.app(scope, receive, send)
  File "/home/credirect/Documents/CredirectSoftware/Backend/venv/lib/python3.10/site-packages/starlette/middleware/exceptions.py", line 75, in __call__
    raise exc
  File "/home/credirect/Documents/CredirectSoftware/Backend/venv/lib/python3.10/site-packages/starlette/middleware/exceptions.py", line 64, in __call__
    await self.app(scope, receive, sender)
  File "/home/credirect/Documents/CredirectSoftware/Backend/venv/lib/python3.10/site-packages/fastapi/middleware/asyncexitstack.py", line 21, in __call__
    raise e
  File "/home/credirect/Documents/CredirectSoftware/Backend/venv/lib/python3.10/site-packages/fastapi/middleware/asyncexitstack.py", line 18, in __call__
    await self.app(scope, receive, send)
  File "/home/credirect/Documents/CredirectSoftware/Backend/venv/lib/python3.10/site-packages/starlette/routing.py", line 680, in __call__
    await route.handle(scope, receive, send)
  File "/home/credirect/Documents/CredirectSoftware/Backend/venv/lib/python3.10/site-packages/starlette/routing.py", line 275, in handle
    await self.app(scope, receive, send)
  File "/home/credirect/Documents/CredirectSoftware/Backend/venv/lib/python3.10/site-packages/starlette/routing.py", line 65, in app
    response = await func(request)
  File "/home/credirect/Documents/CredirectSoftware/Backend/venv/lib/python3.10/site-packages/fastapi/routing.py", line 235, in app
    raw_response = await run_endpoint_function(
  File "/home/credirect/Documents/CredirectSoftware/Backend/venv/lib/python3.10/site-packages/fastapi/routing.py", line 161, in run_endpoint_function
    return await dependant.call(**values)
  File "/home/credirect/Documents/CredirectSoftware/Backend/app/api/api_v1/handlers/credit.py", line 90, in get_facture
    return await CreditService.download_facture(start, end, bank)
  File "/home/credirect/Documents/CredirectSoftware/Backend/app/services/credit_service.py", line 227, in download_facture
    await CreditService.generate_cdm_facture(start, end, bank)
  File "/home/credirect/Documents/CredirectSoftware/Backend/app/services/credit_service.py", line 275, in generate_cdm_facture
    "$gte":datetime.fromisoformat(str(start).replace("Z", "")),
ValueError: Invalid isoformat string: '01/04/2023'
[2023-05-15 10:38:09 +0100] [344594] [INFO] Application startup complete.
[2023-05-15 10:38:09 +0100] [344595] [INFO] Application startup complete.
[2023-05-15 10:38:09 +0100] [344593] [INFO] Application startup complete.
[2023-05-15 10:38:09 +0100] [344596] [INFO] Application startup complete.
[2023-05-15 10:38:20 +0100] [344596] [ERROR] Exception in ASGI application
Traceback (most recent call last):
  File "/home/credirect/Documents/CredirectSoftware/Backend/venv/lib/python3.10/site-packages/uvicorn/protocols/http/h11_impl.py", line 407, in run_asgi
    result = await app(  # type: ignore[func-returns-value]
  File "/home/credirect/Documents/CredirectSoftware/Backend/venv/lib/python3.10/site-packages/uvicorn/middleware/proxy_headers.py", line 78, in __call__
    return await self.app(scope, receive, send)
  File "/home/credirect/Documents/CredirectSoftware/Backend/venv/lib/python3.10/site-packages/fastapi/applications.py", line 270, in __call__
    await super().__call__(scope, receive, send)
  File "/home/credirect/Documents/CredirectSoftware/Backend/venv/lib/python3.10/site-packages/starlette/applications.py", line 124, in __call__
    await self.middleware_stack(scope, receive, send)
  File "/home/credirect/Documents/CredirectSoftware/Backend/venv/lib/python3.10/site-packages/starlette/middleware/errors.py", line 184, in __call__
    raise exc
  File "/home/credirect/Documents/CredirectSoftware/Backend/venv/lib/python3.10/site-packages/starlette/middleware/errors.py", line 162, in __call__
    await self.app(scope, receive, _send)
  File "/home/credirect/Documents/CredirectSoftware/Backend/venv/lib/python3.10/site-packages/starlette/middleware/cors.py", line 92, in __call__
    await self.simple_response(scope, receive, send, request_headers=headers)
  File "/home/credirect/Documents/CredirectSoftware/Backend/venv/lib/python3.10/site-packages/starlette/middleware/cors.py", line 147, in simple_response
    await self.app(scope, receive, send)
  File "/home/credirect/Documents/CredirectSoftware/Backend/venv/lib/python3.10/site-packages/starlette/middleware/exceptions.py", line 75, in __call__
    raise exc
  File "/home/credirect/Documents/CredirectSoftware/Backend/venv/lib/python3.10/site-packages/starlette/middleware/exceptions.py", line 64, in __call__
    await self.app(scope, receive, sender)
  File "/home/credirect/Documents/CredirectSoftware/Backend/venv/lib/python3.10/site-packages/fastapi/middleware/asyncexitstack.py", line 21, in __call__
    raise e
  File "/home/credirect/Documents/CredirectSoftware/Backend/venv/lib/python3.10/site-packages/fastapi/middleware/asyncexitstack.py", line 18, in __call__
    await self.app(scope, receive, send)
  File "/home/credirect/Documents/CredirectSoftware/Backend/venv/lib/python3.10/site-packages/starlette/routing.py", line 680, in __call__
    await route.handle(scope, receive, send)
  File "/home/credirect/Documents/CredirectSoftware/Backend/venv/lib/python3.10/site-packages/starlette/routing.py", line 275, in handle
    await self.app(scope, receive, send)
  File "/home/credirect/Documents/CredirectSoftware/Backend/venv/lib/python3.10/site-packages/starlette/routing.py", line 65, in app
    response = await func(request)
  File "/home/credirect/Documents/CredirectSoftware/Backend/venv/lib/python3.10/site-packages/fastapi/routing.py", line 235, in app
    raw_response = await run_endpoint_function(
  File "/home/credirect/Documents/CredirectSoftware/Backend/venv/lib/python3.10/site-packages/fastapi/routing.py", line 161, in run_endpoint_function
    return await dependant.call(**values)
  File "/home/credirect/Documents/CredirectSoftware/Backend/app/api/api_v1/handlers/credit.py", line 90, in get_facture
    return await CreditService.download_facture(start, end, bank)
  File "/home/credirect/Documents/CredirectSoftware/Backend/app/services/credit_service.py", line 227, in download_facture
    await CreditService.generate_cdm_facture(start, end, bank)
  File "/home/credirect/Documents/CredirectSoftware/Backend/app/services/credit_service.py", line 275, in generate_cdm_facture
    "$gte":datetime.fromisoformat(str(start).replace("Z", "")),
ValueError: Invalid isoformat string: '01/04/2023'
[2023-05-15 10:39:06 +0100] [344591] [INFO] Handling signal: term
[2023-05-15 10:39:06 +0100] [344597] [INFO] Shutting down
[2023-05-15 10:39:06 +0100] [344595] [INFO] Shutting down
[2023-05-15 10:39:06 +0100] [344593] [INFO] Shutting down
[2023-05-15 10:39:06 +0100] [344596] [INFO] Shutting down
[2023-05-15 10:39:06 +0100] [344594] [INFO] Shutting down
[2023-05-15 10:39:06 +0100] [344597] [INFO] Waiting for application shutdown.
[2023-05-15 10:39:06 +0100] [344597] [INFO] Application shutdown complete.
[2023-05-15 10:39:06 +0100] [344597] [INFO] Finished server process [344597]
[2023-05-15 10:39:06 +0100] [344597] [INFO] Worker exiting (pid: 344597)
[2023-05-15 10:39:06 +0100] [344595] [INFO] Waiting for application shutdown.
[2023-05-15 10:39:06 +0100] [344595] [INFO] Application shutdown complete.
[2023-05-15 10:39:06 +0100] [344595] [INFO] Finished server process [344595]
[2023-05-15 10:39:06 +0100] [344595] [INFO] Worker exiting (pid: 344595)
[2023-05-15 10:39:06 +0100] [344593] [INFO] Waiting for application shutdown.
[2023-05-15 10:39:06 +0100] [344593] [INFO] Application shutdown complete.
[2023-05-15 10:39:06 +0100] [344593] [INFO] Finished server process [344593]
[2023-05-15 10:39:06 +0100] [344593] [INFO] Worker exiting (pid: 344593)
[2023-05-15 10:39:06 +0100] [344596] [INFO] Waiting for application shutdown.
[2023-05-15 10:39:06 +0100] [344596] [INFO] Application shutdown complete.
[2023-05-15 10:39:06 +0100] [344596] [INFO] Finished server process [344596]
[2023-05-15 10:39:06 +0100] [344596] [INFO] Worker exiting (pid: 344596)
[2023-05-15 10:39:06 +0100] [344594] [INFO] Waiting for application shutdown.
[2023-05-15 10:39:06 +0100] [344594] [INFO] Application shutdown complete.
[2023-05-15 10:39:06 +0100] [344594] [INFO] Finished server process [344594]
[2023-05-15 10:39:06 +0100] [344594] [INFO] Worker exiting (pid: 344594)
[2023-05-15 10:39:07 +0100] [344591] [INFO] Shutting down: Master
[2023-05-15 10:39:07 +0100] [344698] [DEBUG] Current configuration:
  config: /home/credirect/Documents/CredirectSoftware/Backend/gunicorn_conf.py
  wsgi_app: None
  bind: ['0.0.0.0:8000']
  backlog: 2048
  workers: 5
  worker_class: uvicorn.workers.UvicornWorker
  threads: 1
  worker_connections: 1000
  max_requests: 0
  max_requests_jitter: 0
  timeout: 30
  graceful_timeout: 30
  keepalive: 2
  limit_request_line: 4094
  limit_request_fields: 100
  limit_request_field_size: 8190
  reload: False
  reload_engine: auto
  reload_extra_files: []
  spew: False
  check_config: False
  print_config: False
  preload_app: False
  sendfile: None
  reuse_port: False
  chdir: /home/credirect/Documents/CredirectSoftware/Backend
  daemon: False
  raw_env: []
  pidfile: None
  worker_tmp_dir: None
  user: 1000
  group: 1000
  umask: 0
  initgroups: False
  tmp_upload_dir: None
  secure_scheme_headers: {'X-FORWARDED-PROTOCOL': 'ssl', 'X-FORWARDED-PROTO': 'https', 'X-FORWARDED-SSL': 'on'}
  forwarded_allow_ips: ['127.0.0.1']
  accesslog: /home/credirect/Documents/CredirectSoftware/Backend/access_log
  disable_redirect_access_to_syslog: False
  access_log_format: %(h)s %(l)s %(u)s %(t)s "%(r)s" %(s)s %(b)s "%(f)s" "%(a)s"
  errorlog: /home/credirect/Documents/CredirectSoftware/Backend/error_log
  loglevel: debug
  capture_output: False
  logger_class: gunicorn.glogging.Logger
  logconfig: None
  logconfig_dict: {}
  syslog_addr: udp://localhost:514
  syslog: False
  syslog_prefix: None
  syslog_facility: user
  enable_stdio_inheritance: False
  statsd_host: None
  dogstatsd_tags: 
  statsd_prefix: 
  proc_name: None
  default_proc_name: app.app:app
  pythonpath: None
  paste: None
  on_starting: <function OnStarting.on_starting at 0x7fec762b00d0>
  on_reload: <function OnReload.on_reload at 0x7fec762b01f0>
  when_ready: <function WhenReady.when_ready at 0x7fec762b0310>
  pre_fork: <function Prefork.pre_fork at 0x7fec762b0430>
  post_fork: <function Postfork.post_fork at 0x7fec762b0550>
  post_worker_init: <function PostWorkerInit.post_worker_init at 0x7fec762b0670>
  worker_int: <function WorkerInt.worker_int at 0x7fec762b0790>
  worker_abort: <function WorkerAbort.worker_abort at 0x7fec762b08b0>
  pre_exec: <function PreExec.pre_exec at 0x7fec762b09d0>
  pre_request: <function PreRequest.pre_request at 0x7fec762b0af0>
  post_request: <function PostRequest.post_request at 0x7fec762b0b80>
  child_exit: <function ChildExit.child_exit at 0x7fec762b0ca0>
  worker_exit: <function WorkerExit.worker_exit at 0x7fec762b0dc0>
  nworkers_changed: <function NumWorkersChanged.nworkers_changed at 0x7fec762b0ee0>
  on_exit: <function OnExit.on_exit at 0x7fec762b1000>
  proxy_protocol: False
  proxy_allow_ips: ['127.0.0.1']
  keyfile: None
  certfile: None
  ssl_version: 2
  cert_reqs: 0
  ca_certs: None
  suppress_ragged_eofs: True
  do_handshake_on_connect: False
  ciphers: None
  raw_paste_global_conf: []
  strip_header_spaces: False
[2023-05-15 10:39:07 +0100] [344698] [INFO] Starting gunicorn 20.1.0
[2023-05-15 10:39:07 +0100] [344698] [DEBUG] Arbiter booted
[2023-05-15 10:39:07 +0100] [344698] [INFO] Listening at: http://0.0.0.0:8000 (344698)
[2023-05-15 10:39:07 +0100] [344698] [INFO] Using worker: uvicorn.workers.UvicornWorker
[2023-05-15 10:39:07 +0100] [344700] [INFO] Booting worker with pid: 344700
[2023-05-15 10:39:07 +0100] [344701] [INFO] Booting worker with pid: 344701
[2023-05-15 10:39:07 +0100] [344702] [INFO] Booting worker with pid: 344702
[2023-05-15 10:39:07 +0100] [344703] [INFO] Booting worker with pid: 344703
[2023-05-15 10:39:07 +0100] [344704] [INFO] Booting worker with pid: 344704
[2023-05-15 10:39:07 +0100] [344698] [DEBUG] 5 workers
[2023-05-15 10:39:08 +0100] [344701] [INFO] Started server process [344701]
[2023-05-15 10:39:08 +0100] [344701] [INFO] Waiting for application startup.
[2023-05-15 10:39:08 +0100] [344700] [INFO] Started server process [344700]
[2023-05-15 10:39:08 +0100] [344700] [INFO] Waiting for application startup.
[2023-05-15 10:39:08 +0100] [344703] [INFO] Started server process [344703]
[2023-05-15 10:39:08 +0100] [344703] [INFO] Waiting for application startup.
[2023-05-15 10:39:08 +0100] [344702] [INFO] Started server process [344702]
[2023-05-15 10:39:08 +0100] [344702] [INFO] Waiting for application startup.
[2023-05-15 10:39:09 +0100] [344704] [INFO] Started server process [344704]
[2023-05-15 10:39:09 +0100] [344704] [INFO] Waiting for application startup.
[2023-05-15 10:39:10 +0100] [344700] [INFO] Application startup complete.
[2023-05-15 10:39:10 +0100] [344702] [INFO] Application startup complete.
[2023-05-15 10:39:10 +0100] [344701] [INFO] Application startup complete.
[2023-05-15 10:39:10 +0100] [344704] [INFO] Application startup complete.
[2023-05-15 10:39:10 +0100] [344703] [INFO] Application startup complete.
[2023-05-15 10:41:57 +0100] [344698] [INFO] Handling signal: term
[2023-05-15 10:41:57 +0100] [344700] [INFO] Shutting down
[2023-05-15 10:41:57 +0100] [344704] [INFO] Shutting down
[2023-05-15 10:41:57 +0100] [344703] [INFO] Shutting down
[2023-05-15 10:41:58 +0100] [344701] [INFO] Shutting down
[2023-05-15 10:41:58 +0100] [344702] [INFO] Shutting down
[2023-05-15 10:41:58 +0100] [344700] [INFO] Waiting for application shutdown.
[2023-05-15 10:41:58 +0100] [344700] [INFO] Application shutdown complete.
[2023-05-15 10:41:58 +0100] [344700] [INFO] Finished server process [344700]
[2023-05-15 10:41:58 +0100] [344700] [INFO] Worker exiting (pid: 344700)
[2023-05-15 10:41:58 +0100] [344704] [INFO] Waiting for application shutdown.
[2023-05-15 10:41:58 +0100] [344703] [INFO] Waiting for application shutdown.
[2023-05-15 10:41:58 +0100] [344704] [INFO] Application shutdown complete.
[2023-05-15 10:41:58 +0100] [344703] [INFO] Application shutdown complete.
[2023-05-15 10:41:58 +0100] [344704] [INFO] Finished server process [344704]
[2023-05-15 10:41:58 +0100] [344703] [INFO] Finished server process [344703]
[2023-05-15 10:41:58 +0100] [344704] [INFO] Worker exiting (pid: 344704)
[2023-05-15 10:41:58 +0100] [344703] [INFO] Worker exiting (pid: 344703)
[2023-05-15 10:41:58 +0100] [344701] [INFO] Waiting for application shutdown.
[2023-05-15 10:41:58 +0100] [344701] [INFO] Application shutdown complete.
[2023-05-15 10:41:58 +0100] [344701] [INFO] Finished server process [344701]
[2023-05-15 10:41:58 +0100] [344701] [INFO] Worker exiting (pid: 344701)
[2023-05-15 10:41:58 +0100] [344702] [INFO] Waiting for application shutdown.
[2023-05-15 10:41:58 +0100] [344702] [INFO] Application shutdown complete.
[2023-05-15 10:41:58 +0100] [344702] [INFO] Finished server process [344702]
[2023-05-15 10:41:58 +0100] [344702] [INFO] Worker exiting (pid: 344702)
[2023-05-15 10:41:58 +0100] [344698] [INFO] Shutting down: Master
[2023-05-15 10:41:58 +0100] [344836] [DEBUG] Current configuration:
  config: /home/credirect/Documents/CredirectSoftware/Backend/gunicorn_conf.py
  wsgi_app: None
  bind: ['0.0.0.0:8000']
  backlog: 2048
  workers: 5
  worker_class: uvicorn.workers.UvicornWorker
  threads: 1
  worker_connections: 1000
  max_requests: 0
  max_requests_jitter: 0
  timeout: 30
  graceful_timeout: 30
  keepalive: 2
  limit_request_line: 4094
  limit_request_fields: 100
  limit_request_field_size: 8190
  reload: False
  reload_engine: auto
  reload_extra_files: []
  spew: False
  check_config: False
  print_config: False
  preload_app: False
  sendfile: None
  reuse_port: False
  chdir: /home/credirect/Documents/CredirectSoftware/Backend
  daemon: False
  raw_env: []
  pidfile: None
  worker_tmp_dir: None
  user: 1000
  group: 1000
  umask: 0
  initgroups: False
  tmp_upload_dir: None
  secure_scheme_headers: {'X-FORWARDED-PROTOCOL': 'ssl', 'X-FORWARDED-PROTO': 'https', 'X-FORWARDED-SSL': 'on'}
  forwarded_allow_ips: ['127.0.0.1']
  accesslog: /home/credirect/Documents/CredirectSoftware/Backend/access_log
  disable_redirect_access_to_syslog: False
  access_log_format: %(h)s %(l)s %(u)s %(t)s "%(r)s" %(s)s %(b)s "%(f)s" "%(a)s"
  errorlog: /home/credirect/Documents/CredirectSoftware/Backend/error_log
  loglevel: debug
  capture_output: False
  logger_class: gunicorn.glogging.Logger
  logconfig: None
  logconfig_dict: {}
  syslog_addr: udp://localhost:514
  syslog: False
  syslog_prefix: None
  syslog_facility: user
  enable_stdio_inheritance: False
  statsd_host: None
  dogstatsd_tags: 
  statsd_prefix: 
  proc_name: None
  default_proc_name: app.app:app
  pythonpath: None
  paste: None
  on_starting: <function OnStarting.on_starting at 0x7ff988db40d0>
  on_reload: <function OnReload.on_reload at 0x7ff988db41f0>
  when_ready: <function WhenReady.when_ready at 0x7ff988db4310>
  pre_fork: <function Prefork.pre_fork at 0x7ff988db4430>
  post_fork: <function Postfork.post_fork at 0x7ff988db4550>
  post_worker_init: <function PostWorkerInit.post_worker_init at 0x7ff988db4670>
  worker_int: <function WorkerInt.worker_int at 0x7ff988db4790>
  worker_abort: <function WorkerAbort.worker_abort at 0x7ff988db48b0>
  pre_exec: <function PreExec.pre_exec at 0x7ff988db49d0>
  pre_request: <function PreRequest.pre_request at 0x7ff988db4af0>
  post_request: <function PostRequest.post_request at 0x7ff988db4b80>
  child_exit: <function ChildExit.child_exit at 0x7ff988db4ca0>
  worker_exit: <function WorkerExit.worker_exit at 0x7ff988db4dc0>
  nworkers_changed: <function NumWorkersChanged.nworkers_changed at 0x7ff988db4ee0>
  on_exit: <function OnExit.on_exit at 0x7ff988db5000>
  proxy_protocol: False
  proxy_allow_ips: ['127.0.0.1']
  keyfile: None
  certfile: None
  ssl_version: 2
  cert_reqs: 0
  ca_certs: None
  suppress_ragged_eofs: True
  do_handshake_on_connect: False
  ciphers: None
  raw_paste_global_conf: []
  strip_header_spaces: False
[2023-05-15 10:41:58 +0100] [344836] [INFO] Starting gunicorn 20.1.0
[2023-05-15 10:41:58 +0100] [344836] [DEBUG] Arbiter booted
[2023-05-15 10:41:58 +0100] [344836] [INFO] Listening at: http://0.0.0.0:8000 (344836)
[2023-05-15 10:41:58 +0100] [344836] [INFO] Using worker: uvicorn.workers.UvicornWorker
[2023-05-15 10:41:58 +0100] [344838] [INFO] Booting worker with pid: 344838
[2023-05-15 10:41:59 +0100] [344839] [INFO] Booting worker with pid: 344839
[2023-05-15 10:41:59 +0100] [344840] [INFO] Booting worker with pid: 344840
[2023-05-15 10:41:59 +0100] [344841] [INFO] Booting worker with pid: 344841
[2023-05-15 10:41:59 +0100] [344842] [INFO] Booting worker with pid: 344842
[2023-05-15 10:41:59 +0100] [344836] [DEBUG] 5 workers
[2023-05-15 10:42:00 +0100] [344838] [INFO] Started server process [344838]
[2023-05-15 10:42:00 +0100] [344838] [INFO] Waiting for application startup.
[2023-05-15 10:42:00 +0100] [344841] [INFO] Started server process [344841]
[2023-05-15 10:42:00 +0100] [344841] [INFO] Waiting for application startup.
[2023-05-15 10:42:00 +0100] [344840] [INFO] Started server process [344840]
[2023-05-15 10:42:00 +0100] [344840] [INFO] Waiting for application startup.
[2023-05-15 10:42:00 +0100] [344839] [INFO] Started server process [344839]
[2023-05-15 10:42:00 +0100] [344839] [INFO] Waiting for application startup.
[2023-05-15 10:42:00 +0100] [344842] [INFO] Started server process [344842]
[2023-05-15 10:42:00 +0100] [344842] [INFO] Waiting for application startup.
[2023-05-15 10:42:01 +0100] [344838] [INFO] Application startup complete.
[2023-05-15 10:42:01 +0100] [344839] [INFO] Application startup complete.
[2023-05-15 10:42:01 +0100] [344842] [INFO] Application startup complete.
[2023-05-15 10:42:01 +0100] [344841] [INFO] Application startup complete.
[2023-05-15 10:42:01 +0100] [344840] [INFO] Application startup complete.
[2023-05-15 10:50:49 +0100] [344836] [INFO] Handling signal: term
[2023-05-15 10:50:49 +0100] [344839] [INFO] Shutting down
[2023-05-15 10:50:49 +0100] [344841] [INFO] Shutting down
[2023-05-15 10:50:49 +0100] [344842] [INFO] Shutting down
[2023-05-15 10:50:49 +0100] [344838] [INFO] Shutting down
[2023-05-15 10:50:49 +0100] [344840] [INFO] Shutting down
[2023-05-15 10:50:49 +0100] [344839] [INFO] Waiting for application shutdown.
[2023-05-15 10:50:49 +0100] [344839] [INFO] Application shutdown complete.
[2023-05-15 10:50:49 +0100] [344839] [INFO] Finished server process [344839]
[2023-05-15 10:50:49 +0100] [344839] [INFO] Worker exiting (pid: 344839)
[2023-05-15 10:50:50 +0100] [344841] [INFO] Waiting for application shutdown.
[2023-05-15 10:50:50 +0100] [344841] [INFO] Application shutdown complete.
[2023-05-15 10:50:50 +0100] [344841] [INFO] Finished server process [344841]
[2023-05-15 10:50:50 +0100] [344841] [INFO] Worker exiting (pid: 344841)
[2023-05-15 10:50:50 +0100] [344842] [INFO] Waiting for application shutdown.
[2023-05-15 10:50:50 +0100] [344842] [INFO] Application shutdown complete.
[2023-05-15 10:50:50 +0100] [344842] [INFO] Finished server process [344842]
[2023-05-15 10:50:50 +0100] [344842] [INFO] Worker exiting (pid: 344842)
[2023-05-15 10:50:50 +0100] [344838] [INFO] Waiting for application shutdown.
[2023-05-15 10:50:50 +0100] [344838] [INFO] Application shutdown complete.
[2023-05-15 10:50:50 +0100] [344838] [INFO] Finished server process [344838]
[2023-05-15 10:50:50 +0100] [344838] [INFO] Worker exiting (pid: 344838)
[2023-05-15 10:50:50 +0100] [344840] [INFO] Waiting for application shutdown.
[2023-05-15 10:50:50 +0100] [344840] [INFO] Application shutdown complete.
[2023-05-15 10:50:50 +0100] [344840] [INFO] Finished server process [344840]
[2023-05-15 10:50:50 +0100] [344840] [INFO] Worker exiting (pid: 344840)
[2023-05-15 10:50:50 +0100] [344836] [INFO] Shutting down: Master
[2023-05-15 10:50:50 +0100] [345078] [DEBUG] Current configuration:
  config: /home/credirect/Documents/CredirectSoftware/Backend/gunicorn_conf.py
  wsgi_app: None
  bind: ['0.0.0.0:8000']
  backlog: 2048
  workers: 5
  worker_class: uvicorn.workers.UvicornWorker
  threads: 1
  worker_connections: 1000
  max_requests: 0
  max_requests_jitter: 0
  timeout: 30
  graceful_timeout: 30
  keepalive: 2
  limit_request_line: 4094
  limit_request_fields: 100
  limit_request_field_size: 8190
  reload: False
  reload_engine: auto
  reload_extra_files: []
  spew: False
  check_config: False
  print_config: False
  preload_app: False
  sendfile: None
  reuse_port: False
  chdir: /home/credirect/Documents/CredirectSoftware/Backend
  daemon: False
  raw_env: []
  pidfile: None
  worker_tmp_dir: None
  user: 1000
  group: 1000
  umask: 0
  initgroups: False
  tmp_upload_dir: None
  secure_scheme_headers: {'X-FORWARDED-PROTOCOL': 'ssl', 'X-FORWARDED-PROTO': 'https', 'X-FORWARDED-SSL': 'on'}
  forwarded_allow_ips: ['127.0.0.1']
  accesslog: /home/credirect/Documents/CredirectSoftware/Backend/access_log
  disable_redirect_access_to_syslog: False
  access_log_format: %(h)s %(l)s %(u)s %(t)s "%(r)s" %(s)s %(b)s "%(f)s" "%(a)s"
  errorlog: /home/credirect/Documents/CredirectSoftware/Backend/error_log
  loglevel: debug
  capture_output: False
  logger_class: gunicorn.glogging.Logger
  logconfig: None
  logconfig_dict: {}
  syslog_addr: udp://localhost:514
  syslog: False
  syslog_prefix: None
  syslog_facility: user
  enable_stdio_inheritance: False
  statsd_host: None
  dogstatsd_tags: 
  statsd_prefix: 
  proc_name: None
  default_proc_name: app.app:app
  pythonpath: None
  paste: None
  on_starting: <function OnStarting.on_starting at 0x7fe73aa280d0>
  on_reload: <function OnReload.on_reload at 0x7fe73aa281f0>
  when_ready: <function WhenReady.when_ready at 0x7fe73aa28310>
  pre_fork: <function Prefork.pre_fork at 0x7fe73aa28430>
  post_fork: <function Postfork.post_fork at 0x7fe73aa28550>
  post_worker_init: <function PostWorkerInit.post_worker_init at 0x7fe73aa28670>
  worker_int: <function WorkerInt.worker_int at 0x7fe73aa28790>
  worker_abort: <function WorkerAbort.worker_abort at 0x7fe73aa288b0>
  pre_exec: <function PreExec.pre_exec at 0x7fe73aa289d0>
  pre_request: <function PreRequest.pre_request at 0x7fe73aa28af0>
  post_request: <function PostRequest.post_request at 0x7fe73aa28b80>
  child_exit: <function ChildExit.child_exit at 0x7fe73aa28ca0>
  worker_exit: <function WorkerExit.worker_exit at 0x7fe73aa28dc0>
  nworkers_changed: <function NumWorkersChanged.nworkers_changed at 0x7fe73aa28ee0>
  on_exit: <function OnExit.on_exit at 0x7fe73aa29000>
  proxy_protocol: False
  proxy_allow_ips: ['127.0.0.1']
  keyfile: None
  certfile: None
  ssl_version: 2
  cert_reqs: 0
  ca_certs: None
  suppress_ragged_eofs: True
  do_handshake_on_connect: False
  ciphers: None
  raw_paste_global_conf: []
  strip_header_spaces: False
[2023-05-15 10:50:50 +0100] [345078] [INFO] Starting gunicorn 20.1.0
[2023-05-15 10:50:50 +0100] [345078] [DEBUG] Arbiter booted
[2023-05-15 10:50:50 +0100] [345078] [INFO] Listening at: http://0.0.0.0:8000 (345078)
[2023-05-15 10:50:50 +0100] [345078] [INFO] Using worker: uvicorn.workers.UvicornWorker
[2023-05-15 10:50:50 +0100] [345081] [INFO] Booting worker with pid: 345081
[2023-05-15 10:50:50 +0100] [345082] [INFO] Booting worker with pid: 345082
[2023-05-15 10:50:50 +0100] [345083] [INFO] Booting worker with pid: 345083
[2023-05-15 10:50:50 +0100] [345084] [INFO] Booting worker with pid: 345084
[2023-05-15 10:50:50 +0100] [345078] [DEBUG] 5 workers
[2023-05-15 10:50:50 +0100] [345085] [INFO] Booting worker with pid: 345085
[2023-05-15 10:50:52 +0100] [345083] [INFO] Started server process [345083]
[2023-05-15 10:50:52 +0100] [345083] [INFO] Waiting for application startup.
[2023-05-15 10:50:52 +0100] [345084] [INFO] Started server process [345084]
[2023-05-15 10:50:52 +0100] [345084] [INFO] Waiting for application startup.
[2023-05-15 10:50:52 +0100] [345081] [INFO] Started server process [345081]
[2023-05-15 10:50:52 +0100] [345081] [INFO] Waiting for application startup.
[2023-05-15 10:50:52 +0100] [345082] [INFO] Started server process [345082]
[2023-05-15 10:50:52 +0100] [345082] [INFO] Waiting for application startup.
[2023-05-15 10:50:52 +0100] [345085] [INFO] Started server process [345085]
[2023-05-15 10:50:52 +0100] [345085] [INFO] Waiting for application startup.
[2023-05-15 10:50:53 +0100] [345084] [INFO] Application startup complete.
[2023-05-15 10:50:53 +0100] [345081] [INFO] Application startup complete.
[2023-05-15 10:50:53 +0100] [345085] [INFO] Application startup complete.
[2023-05-15 10:50:53 +0100] [345082] [INFO] Application startup complete.
[2023-05-15 10:50:53 +0100] [345083] [INFO] Application startup complete.
[2023-05-15 10:50:54 +0100] [345081] [ERROR] Exception in ASGI application
Traceback (most recent call last):
  File "/home/credirect/Documents/CredirectSoftware/Backend/venv/lib/python3.10/site-packages/uvicorn/protocols/http/h11_impl.py", line 407, in run_asgi
    result = await app(  # type: ignore[func-returns-value]
  File "/home/credirect/Documents/CredirectSoftware/Backend/venv/lib/python3.10/site-packages/uvicorn/middleware/proxy_headers.py", line 78, in __call__
    return await self.app(scope, receive, send)
  File "/home/credirect/Documents/CredirectSoftware/Backend/venv/lib/python3.10/site-packages/fastapi/applications.py", line 270, in __call__
    await super().__call__(scope, receive, send)
  File "/home/credirect/Documents/CredirectSoftware/Backend/venv/lib/python3.10/site-packages/starlette/applications.py", line 124, in __call__
    await self.middleware_stack(scope, receive, send)
  File "/home/credirect/Documents/CredirectSoftware/Backend/venv/lib/python3.10/site-packages/starlette/middleware/errors.py", line 184, in __call__
    raise exc
  File "/home/credirect/Documents/CredirectSoftware/Backend/venv/lib/python3.10/site-packages/starlette/middleware/errors.py", line 162, in __call__
    await self.app(scope, receive, _send)
  File "/home/credirect/Documents/CredirectSoftware/Backend/venv/lib/python3.10/site-packages/starlette/middleware/cors.py", line 92, in __call__
    await self.simple_response(scope, receive, send, request_headers=headers)
  File "/home/credirect/Documents/CredirectSoftware/Backend/venv/lib/python3.10/site-packages/starlette/middleware/cors.py", line 147, in simple_response
    await self.app(scope, receive, send)
  File "/home/credirect/Documents/CredirectSoftware/Backend/venv/lib/python3.10/site-packages/starlette/middleware/exceptions.py", line 75, in __call__
    raise exc
  File "/home/credirect/Documents/CredirectSoftware/Backend/venv/lib/python3.10/site-packages/starlette/middleware/exceptions.py", line 64, in __call__
    await self.app(scope, receive, sender)
  File "/home/credirect/Documents/CredirectSoftware/Backend/venv/lib/python3.10/site-packages/fastapi/middleware/asyncexitstack.py", line 21, in __call__
    raise e
  File "/home/credirect/Documents/CredirectSoftware/Backend/venv/lib/python3.10/site-packages/fastapi/middleware/asyncexitstack.py", line 18, in __call__
    await self.app(scope, receive, send)
  File "/home/credirect/Documents/CredirectSoftware/Backend/venv/lib/python3.10/site-packages/starlette/routing.py", line 680, in __call__
    await route.handle(scope, receive, send)
  File "/home/credirect/Documents/CredirectSoftware/Backend/venv/lib/python3.10/site-packages/starlette/routing.py", line 275, in handle
    await self.app(scope, receive, send)
  File "/home/credirect/Documents/CredirectSoftware/Backend/venv/lib/python3.10/site-packages/starlette/routing.py", line 65, in app
    response = await func(request)
  File "/home/credirect/Documents/CredirectSoftware/Backend/venv/lib/python3.10/site-packages/fastapi/routing.py", line 235, in app
    raw_response = await run_endpoint_function(
  File "/home/credirect/Documents/CredirectSoftware/Backend/venv/lib/python3.10/site-packages/fastapi/routing.py", line 161, in run_endpoint_function
    return await dependant.call(**values)
  File "/home/credirect/Documents/CredirectSoftware/Backend/app/api/api_v1/handlers/credit.py", line 90, in get_facture
    return await CreditService.download_facture(start, end, bank)
  File "/home/credirect/Documents/CredirectSoftware/Backend/app/services/credit_service.py", line 227, in download_facture
    await CreditService.generate_cdm_facture(start, end, bank)
  File "/home/credirect/Documents/CredirectSoftware/Backend/app/services/credit_service.py", line 287, in generate_cdm_facture
    ws.insert_rows(row, amount=demandes.__len__())
UnboundLocalError: local variable 'row' referenced before assignment
[2023-05-15 10:50:57 +0100] [345081] [ERROR] Exception in ASGI application
Traceback (most recent call last):
  File "/home/credirect/Documents/CredirectSoftware/Backend/venv/lib/python3.10/site-packages/uvicorn/protocols/http/h11_impl.py", line 407, in run_asgi
    result = await app(  # type: ignore[func-returns-value]
  File "/home/credirect/Documents/CredirectSoftware/Backend/venv/lib/python3.10/site-packages/uvicorn/middleware/proxy_headers.py", line 78, in __call__
    return await self.app(scope, receive, send)
  File "/home/credirect/Documents/CredirectSoftware/Backend/venv/lib/python3.10/site-packages/fastapi/applications.py", line 270, in __call__
    await super().__call__(scope, receive, send)
  File "/home/credirect/Documents/CredirectSoftware/Backend/venv/lib/python3.10/site-packages/starlette/applications.py", line 124, in __call__
    await self.middleware_stack(scope, receive, send)
  File "/home/credirect/Documents/CredirectSoftware/Backend/venv/lib/python3.10/site-packages/starlette/middleware/errors.py", line 184, in __call__
    raise exc
  File "/home/credirect/Documents/CredirectSoftware/Backend/venv/lib/python3.10/site-packages/starlette/middleware/errors.py", line 162, in __call__
    await self.app(scope, receive, _send)
  File "/home/credirect/Documents/CredirectSoftware/Backend/venv/lib/python3.10/site-packages/starlette/middleware/cors.py", line 92, in __call__
    await self.simple_response(scope, receive, send, request_headers=headers)
  File "/home/credirect/Documents/CredirectSoftware/Backend/venv/lib/python3.10/site-packages/starlette/middleware/cors.py", line 147, in simple_response
    await self.app(scope, receive, send)
  File "/home/credirect/Documents/CredirectSoftware/Backend/venv/lib/python3.10/site-packages/starlette/middleware/exceptions.py", line 75, in __call__
    raise exc
  File "/home/credirect/Documents/CredirectSoftware/Backend/venv/lib/python3.10/site-packages/starlette/middleware/exceptions.py", line 64, in __call__
    await self.app(scope, receive, sender)
  File "/home/credirect/Documents/CredirectSoftware/Backend/venv/lib/python3.10/site-packages/fastapi/middleware/asyncexitstack.py", line 21, in __call__
    raise e
  File "/home/credirect/Documents/CredirectSoftware/Backend/venv/lib/python3.10/site-packages/fastapi/middleware/asyncexitstack.py", line 18, in __call__
    await self.app(scope, receive, send)
  File "/home/credirect/Documents/CredirectSoftware/Backend/venv/lib/python3.10/site-packages/starlette/routing.py", line 680, in __call__
    await route.handle(scope, receive, send)
  File "/home/credirect/Documents/CredirectSoftware/Backend/venv/lib/python3.10/site-packages/starlette/routing.py", line 275, in handle
    await self.app(scope, receive, send)
  File "/home/credirect/Documents/CredirectSoftware/Backend/venv/lib/python3.10/site-packages/starlette/routing.py", line 65, in app
    response = await func(request)
  File "/home/credirect/Documents/CredirectSoftware/Backend/venv/lib/python3.10/site-packages/fastapi/routing.py", line 235, in app
    raw_response = await run_endpoint_function(
  File "/home/credirect/Documents/CredirectSoftware/Backend/venv/lib/python3.10/site-packages/fastapi/routing.py", line 161, in run_endpoint_function
    return await dependant.call(**values)
  File "/home/credirect/Documents/CredirectSoftware/Backend/app/api/api_v1/handlers/credit.py", line 90, in get_facture
    return await CreditService.download_facture(start, end, bank)
  File "/home/credirect/Documents/CredirectSoftware/Backend/app/services/credit_service.py", line 227, in download_facture
    await CreditService.generate_cdm_facture(start, end, bank)
  File "/home/credirect/Documents/CredirectSoftware/Backend/app/services/credit_service.py", line 287, in generate_cdm_facture
    ws.insert_rows(row, amount=demandes.__len__())
UnboundLocalError: local variable 'row' referenced before assignment
[2023-05-15 10:51:29 +0100] [345078] [INFO] Handling signal: term
[2023-05-15 10:51:29 +0100] [345085] [INFO] Shutting down
[2023-05-15 10:51:29 +0100] [345082] [INFO] Shutting down
[2023-05-15 10:51:29 +0100] [345083] [INFO] Shutting down
[2023-05-15 10:51:29 +0100] [345084] [INFO] Shutting down
[2023-05-15 10:51:29 +0100] [345081] [INFO] Shutting down
[2023-05-15 10:51:29 +0100] [345085] [INFO] Waiting for application shutdown.
[2023-05-15 10:51:29 +0100] [345085] [INFO] Application shutdown complete.
[2023-05-15 10:51:29 +0100] [345085] [INFO] Finished server process [345085]
[2023-05-15 10:51:29 +0100] [345085] [INFO] Worker exiting (pid: 345085)
[2023-05-15 10:51:29 +0100] [345082] [INFO] Waiting for application shutdown.
[2023-05-15 10:51:29 +0100] [345083] [INFO] Waiting for application shutdown.
[2023-05-15 10:51:29 +0100] [345082] [INFO] Application shutdown complete.
[2023-05-15 10:51:29 +0100] [345083] [INFO] Application shutdown complete.
[2023-05-15 10:51:29 +0100] [345082] [INFO] Finished server process [345082]
[2023-05-15 10:51:29 +0100] [345083] [INFO] Finished server process [345083]
[2023-05-15 10:51:29 +0100] [345082] [INFO] Worker exiting (pid: 345082)
[2023-05-15 10:51:29 +0100] [345083] [INFO] Worker exiting (pid: 345083)
[2023-05-15 10:51:29 +0100] [345084] [INFO] Waiting for application shutdown.
[2023-05-15 10:51:29 +0100] [345084] [INFO] Application shutdown complete.
[2023-05-15 10:51:29 +0100] [345084] [INFO] Finished server process [345084]
[2023-05-15 10:51:29 +0100] [345084] [INFO] Worker exiting (pid: 345084)
[2023-05-15 10:51:29 +0100] [345081] [INFO] Waiting for application shutdown.
[2023-05-15 10:51:29 +0100] [345081] [INFO] Application shutdown complete.
[2023-05-15 10:51:29 +0100] [345081] [INFO] Finished server process [345081]
[2023-05-15 10:51:29 +0100] [345081] [INFO] Worker exiting (pid: 345081)
[2023-05-15 10:51:30 +0100] [345078] [INFO] Shutting down: Master
[2023-05-15 10:51:30 +0100] [345191] [DEBUG] Current configuration:
  config: /home/credirect/Documents/CredirectSoftware/Backend/gunicorn_conf.py
  wsgi_app: None
  bind: ['0.0.0.0:8000']
  backlog: 2048
  workers: 5
  worker_class: uvicorn.workers.UvicornWorker
  threads: 1
  worker_connections: 1000
  max_requests: 0
  max_requests_jitter: 0
  timeout: 30
  graceful_timeout: 30
  keepalive: 2
  limit_request_line: 4094
  limit_request_fields: 100
  limit_request_field_size: 8190
  reload: False
  reload_engine: auto
  reload_extra_files: []
  spew: False
  check_config: False
  print_config: False
  preload_app: False
  sendfile: None
  reuse_port: False
  chdir: /home/credirect/Documents/CredirectSoftware/Backend
  daemon: False
  raw_env: []
  pidfile: None
  worker_tmp_dir: None
  user: 1000
  group: 1000
  umask: 0
  initgroups: False
  tmp_upload_dir: None
  secure_scheme_headers: {'X-FORWARDED-PROTOCOL': 'ssl', 'X-FORWARDED-PROTO': 'https', 'X-FORWARDED-SSL': 'on'}
  forwarded_allow_ips: ['127.0.0.1']
  accesslog: /home/credirect/Documents/CredirectSoftware/Backend/access_log
  disable_redirect_access_to_syslog: False
  access_log_format: %(h)s %(l)s %(u)s %(t)s "%(r)s" %(s)s %(b)s "%(f)s" "%(a)s"
  errorlog: /home/credirect/Documents/CredirectSoftware/Backend/error_log
  loglevel: debug
  capture_output: False
  logger_class: gunicorn.glogging.Logger
  logconfig: None
  logconfig_dict: {}
  syslog_addr: udp://localhost:514
  syslog: False
  syslog_prefix: None
  syslog_facility: user
  enable_stdio_inheritance: False
  statsd_host: None
  dogstatsd_tags: 
  statsd_prefix: 
  proc_name: None
  default_proc_name: app.app:app
  pythonpath: None
  paste: None
  on_starting: <function OnStarting.on_starting at 0x7fb601cb00d0>
  on_reload: <function OnReload.on_reload at 0x7fb601cb01f0>
  when_ready: <function WhenReady.when_ready at 0x7fb601cb0310>
  pre_fork: <function Prefork.pre_fork at 0x7fb601cb0430>
  post_fork: <function Postfork.post_fork at 0x7fb601cb0550>
  post_worker_init: <function PostWorkerInit.post_worker_init at 0x7fb601cb0670>
  worker_int: <function WorkerInt.worker_int at 0x7fb601cb0790>
  worker_abort: <function WorkerAbort.worker_abort at 0x7fb601cb08b0>
  pre_exec: <function PreExec.pre_exec at 0x7fb601cb09d0>
  pre_request: <function PreRequest.pre_request at 0x7fb601cb0af0>
  post_request: <function PostRequest.post_request at 0x7fb601cb0b80>
  child_exit: <function ChildExit.child_exit at 0x7fb601cb0ca0>
  worker_exit: <function WorkerExit.worker_exit at 0x7fb601cb0dc0>
  nworkers_changed: <function NumWorkersChanged.nworkers_changed at 0x7fb601cb0ee0>
  on_exit: <function OnExit.on_exit at 0x7fb601cb1000>
  proxy_protocol: False
  proxy_allow_ips: ['127.0.0.1']
  keyfile: None
  certfile: None
  ssl_version: 2
  cert_reqs: 0
  ca_certs: None
  suppress_ragged_eofs: True
  do_handshake_on_connect: False
  ciphers: None
  raw_paste_global_conf: []
  strip_header_spaces: False
[2023-05-15 10:51:30 +0100] [345191] [INFO] Starting gunicorn 20.1.0
[2023-05-15 10:51:30 +0100] [345191] [DEBUG] Arbiter booted
[2023-05-15 10:51:30 +0100] [345191] [INFO] Listening at: http://0.0.0.0:8000 (345191)
[2023-05-15 10:51:30 +0100] [345191] [INFO] Using worker: uvicorn.workers.UvicornWorker
[2023-05-15 10:51:30 +0100] [345193] [INFO] Booting worker with pid: 345193
[2023-05-15 10:51:30 +0100] [345194] [INFO] Booting worker with pid: 345194
[2023-05-15 10:51:30 +0100] [345195] [INFO] Booting worker with pid: 345195
[2023-05-15 10:51:30 +0100] [345196] [INFO] Booting worker with pid: 345196
[2023-05-15 10:51:30 +0100] [345197] [INFO] Booting worker with pid: 345197
[2023-05-15 10:51:31 +0100] [345191] [DEBUG] 5 workers
[2023-05-15 10:51:31 +0100] [345193] [INFO] Started server process [345193]
[2023-05-15 10:51:31 +0100] [345193] [INFO] Waiting for application startup.
[2023-05-15 10:51:32 +0100] [345194] [INFO] Started server process [345194]
[2023-05-15 10:51:32 +0100] [345194] [INFO] Waiting for application startup.
[2023-05-15 10:51:32 +0100] [345195] [INFO] Started server process [345195]
[2023-05-15 10:51:32 +0100] [345195] [INFO] Waiting for application startup.
[2023-05-15 10:51:32 +0100] [345196] [INFO] Started server process [345196]
[2023-05-15 10:51:32 +0100] [345196] [INFO] Waiting for application startup.
[2023-05-15 10:51:32 +0100] [345197] [INFO] Started server process [345197]
[2023-05-15 10:51:32 +0100] [345197] [INFO] Waiting for application startup.
[2023-05-15 10:51:33 +0100] [345193] [INFO] Application startup complete.
[2023-05-15 10:51:33 +0100] [345197] [INFO] Application startup complete.
[2023-05-15 10:51:33 +0100] [345196] [INFO] Application startup complete.
[2023-05-15 10:51:33 +0100] [345194] [INFO] Application startup complete.
[2023-05-15 10:51:33 +0100] [345195] [INFO] Application startup complete.
[2023-05-15 11:04:19 +0100] [345191] [INFO] Handling signal: term
[2023-05-15 11:04:19 +0100] [345193] [INFO] Shutting down
[2023-05-15 11:04:19 +0100] [345196] [INFO] Shutting down
[2023-05-15 11:04:19 +0100] [345197] [INFO] Shutting down
[2023-05-15 11:04:19 +0100] [345194] [INFO] Shutting down
[2023-05-15 11:04:19 +0100] [345195] [INFO] Shutting down
[2023-05-15 11:04:19 +0100] [345193] [INFO] Waiting for application shutdown.
[2023-05-15 11:04:19 +0100] [345193] [INFO] Application shutdown complete.
[2023-05-15 11:04:19 +0100] [345193] [INFO] Finished server process [345193]
[2023-05-15 11:04:19 +0100] [345193] [INFO] Worker exiting (pid: 345193)
[2023-05-15 11:04:19 +0100] [345196] [INFO] Waiting for application shutdown.
[2023-05-15 11:04:19 +0100] [345196] [INFO] Application shutdown complete.
[2023-05-15 11:04:19 +0100] [345196] [INFO] Finished server process [345196]
[2023-05-15 11:04:19 +0100] [345196] [INFO] Worker exiting (pid: 345196)
[2023-05-15 11:04:19 +0100] [345197] [INFO] Waiting for application shutdown.
[2023-05-15 11:04:19 +0100] [345197] [INFO] Application shutdown complete.
[2023-05-15 11:04:19 +0100] [345197] [INFO] Finished server process [345197]
[2023-05-15 11:04:19 +0100] [345197] [INFO] Worker exiting (pid: 345197)
[2023-05-15 11:04:19 +0100] [345194] [INFO] Waiting for application shutdown.
[2023-05-15 11:04:19 +0100] [345194] [INFO] Application shutdown complete.
[2023-05-15 11:04:19 +0100] [345194] [INFO] Finished server process [345194]
[2023-05-15 11:04:19 +0100] [345194] [INFO] Worker exiting (pid: 345194)
[2023-05-15 11:04:19 +0100] [345195] [INFO] Waiting for application shutdown.
[2023-05-15 11:04:19 +0100] [345195] [INFO] Application shutdown complete.
[2023-05-15 11:04:19 +0100] [345195] [INFO] Finished server process [345195]
[2023-05-15 11:04:19 +0100] [345195] [INFO] Worker exiting (pid: 345195)
[2023-05-15 11:04:20 +0100] [345191] [INFO] Shutting down: Master
[2023-05-15 11:04:20 +0100] [345472] [DEBUG] Current configuration:
  config: /home/credirect/Documents/CredirectSoftware/Backend/gunicorn_conf.py
  wsgi_app: None
  bind: ['0.0.0.0:8000']
  backlog: 2048
  workers: 5
  worker_class: uvicorn.workers.UvicornWorker
  threads: 1
  worker_connections: 1000
  max_requests: 0
  max_requests_jitter: 0
  timeout: 30
  graceful_timeout: 30
  keepalive: 2
  limit_request_line: 4094
  limit_request_fields: 100
  limit_request_field_size: 8190
  reload: False
  reload_engine: auto
  reload_extra_files: []
  spew: False
  check_config: False
  print_config: False
  preload_app: False
  sendfile: None
  reuse_port: False
  chdir: /home/credirect/Documents/CredirectSoftware/Backend
  daemon: False
  raw_env: []
  pidfile: None
  worker_tmp_dir: None
  user: 1000
  group: 1000
  umask: 0
  initgroups: False
  tmp_upload_dir: None
  secure_scheme_headers: {'X-FORWARDED-PROTOCOL': 'ssl', 'X-FORWARDED-PROTO': 'https', 'X-FORWARDED-SSL': 'on'}
  forwarded_allow_ips: ['127.0.0.1']
  accesslog: /home/credirect/Documents/CredirectSoftware/Backend/access_log
  disable_redirect_access_to_syslog: False
  access_log_format: %(h)s %(l)s %(u)s %(t)s "%(r)s" %(s)s %(b)s "%(f)s" "%(a)s"
  errorlog: /home/credirect/Documents/CredirectSoftware/Backend/error_log
  loglevel: debug
  capture_output: False
  logger_class: gunicorn.glogging.Logger
  logconfig: None
  logconfig_dict: {}
  syslog_addr: udp://localhost:514
  syslog: False
  syslog_prefix: None
  syslog_facility: user
  enable_stdio_inheritance: False
  statsd_host: None
  dogstatsd_tags: 
  statsd_prefix: 
  proc_name: None
  default_proc_name: app.app:app
  pythonpath: None
  paste: None
  on_starting: <function OnStarting.on_starting at 0x7f52b9d280d0>
  on_reload: <function OnReload.on_reload at 0x7f52b9d281f0>
  when_ready: <function WhenReady.when_ready at 0x7f52b9d28310>
  pre_fork: <function Prefork.pre_fork at 0x7f52b9d28430>
  post_fork: <function Postfork.post_fork at 0x7f52b9d28550>
  post_worker_init: <function PostWorkerInit.post_worker_init at 0x7f52b9d28670>
  worker_int: <function WorkerInt.worker_int at 0x7f52b9d28790>
  worker_abort: <function WorkerAbort.worker_abort at 0x7f52b9d288b0>
  pre_exec: <function PreExec.pre_exec at 0x7f52b9d289d0>
  pre_request: <function PreRequest.pre_request at 0x7f52b9d28af0>
  post_request: <function PostRequest.post_request at 0x7f52b9d28b80>
  child_exit: <function ChildExit.child_exit at 0x7f52b9d28ca0>
  worker_exit: <function WorkerExit.worker_exit at 0x7f52b9d28dc0>
  nworkers_changed: <function NumWorkersChanged.nworkers_changed at 0x7f52b9d28ee0>
  on_exit: <function OnExit.on_exit at 0x7f52b9d29000>
  proxy_protocol: False
  proxy_allow_ips: ['127.0.0.1']
  keyfile: None
  certfile: None
  ssl_version: 2
  cert_reqs: 0
  ca_certs: None
  suppress_ragged_eofs: True
  do_handshake_on_connect: False
  ciphers: None
  raw_paste_global_conf: []
  strip_header_spaces: False
[2023-05-15 11:04:20 +0100] [345472] [INFO] Starting gunicorn 20.1.0
[2023-05-15 11:04:20 +0100] [345472] [DEBUG] Arbiter booted
[2023-05-15 11:04:20 +0100] [345472] [INFO] Listening at: http://0.0.0.0:8000 (345472)
[2023-05-15 11:04:20 +0100] [345472] [INFO] Using worker: uvicorn.workers.UvicornWorker
[2023-05-15 11:04:20 +0100] [345474] [INFO] Booting worker with pid: 345474
[2023-05-15 11:04:20 +0100] [345475] [INFO] Booting worker with pid: 345475
[2023-05-15 11:04:21 +0100] [345476] [INFO] Booting worker with pid: 345476
[2023-05-15 11:04:21 +0100] [345477] [INFO] Booting worker with pid: 345477
[2023-05-15 11:04:21 +0100] [345472] [DEBUG] 5 workers
[2023-05-15 11:04:21 +0100] [345478] [INFO] Booting worker with pid: 345478
[2023-05-15 11:04:22 +0100] [345474] [INFO] Started server process [345474]
[2023-05-15 11:04:22 +0100] [345474] [INFO] Waiting for application startup.
[2023-05-15 11:04:22 +0100] [345475] [INFO] Started server process [345475]
[2023-05-15 11:04:22 +0100] [345475] [INFO] Waiting for application startup.
[2023-05-15 11:04:22 +0100] [345477] [INFO] Started server process [345477]
[2023-05-15 11:04:22 +0100] [345477] [INFO] Waiting for application startup.
[2023-05-15 11:04:22 +0100] [345478] [INFO] Started server process [345478]
[2023-05-15 11:04:22 +0100] [345478] [INFO] Waiting for application startup.
[2023-05-15 11:04:22 +0100] [345476] [INFO] Started server process [345476]
[2023-05-15 11:04:22 +0100] [345476] [INFO] Waiting for application startup.
[2023-05-15 11:04:23 +0100] [345477] [INFO] Application startup complete.
[2023-05-15 11:04:23 +0100] [345478] [INFO] Application startup complete.
[2023-05-15 11:04:23 +0100] [345475] [INFO] Application startup complete.
[2023-05-15 11:04:23 +0100] [345474] [INFO] Application startup complete.
[2023-05-15 11:04:23 +0100] [345476] [INFO] Application startup complete.
[2023-05-15 11:05:04 +0100] [345472] [INFO] Handling signal: term
[2023-05-15 11:05:04 +0100] [345475] [INFO] Shutting down
[2023-05-15 11:05:04 +0100] [345477] [INFO] Shutting down
[2023-05-15 11:05:04 +0100] [345478] [INFO] Shutting down
[2023-05-15 11:05:04 +0100] [345476] [INFO] Shutting down
[2023-05-15 11:05:04 +0100] [345474] [INFO] Shutting down
[2023-05-15 11:05:05 +0100] [345475] [INFO] Waiting for application shutdown.
[2023-05-15 11:05:05 +0100] [345475] [INFO] Application shutdown complete.
[2023-05-15 11:05:05 +0100] [345475] [INFO] Finished server process [345475]
[2023-05-15 11:05:05 +0100] [345475] [INFO] Worker exiting (pid: 345475)
[2023-05-15 11:05:05 +0100] [345477] [INFO] Waiting for application shutdown.
[2023-05-15 11:05:05 +0100] [345477] [INFO] Application shutdown complete.
[2023-05-15 11:05:05 +0100] [345477] [INFO] Finished server process [345477]
[2023-05-15 11:05:05 +0100] [345477] [INFO] Worker exiting (pid: 345477)
[2023-05-15 11:05:05 +0100] [345478] [INFO] Waiting for application shutdown.
[2023-05-15 11:05:05 +0100] [345478] [INFO] Application shutdown complete.
[2023-05-15 11:05:05 +0100] [345478] [INFO] Finished server process [345478]
[2023-05-15 11:05:05 +0100] [345478] [INFO] Worker exiting (pid: 345478)
[2023-05-15 11:05:05 +0100] [345476] [INFO] Waiting for application shutdown.
[2023-05-15 11:05:05 +0100] [345476] [INFO] Application shutdown complete.
[2023-05-15 11:05:05 +0100] [345476] [INFO] Finished server process [345476]
[2023-05-15 11:05:05 +0100] [345476] [INFO] Worker exiting (pid: 345476)
[2023-05-15 11:05:05 +0100] [345474] [INFO] Waiting for application shutdown.
[2023-05-15 11:05:05 +0100] [345474] [INFO] Application shutdown complete.
[2023-05-15 11:05:05 +0100] [345474] [INFO] Finished server process [345474]
[2023-05-15 11:05:05 +0100] [345474] [INFO] Worker exiting (pid: 345474)
[2023-05-15 11:05:05 +0100] [345472] [INFO] Shutting down: Master
[2023-05-15 11:05:06 +0100] [345580] [DEBUG] Current configuration:
  config: /home/credirect/Documents/CredirectSoftware/Backend/gunicorn_conf.py
  wsgi_app: None
  bind: ['0.0.0.0:8000']
  backlog: 2048
  workers: 5
  worker_class: uvicorn.workers.UvicornWorker
  threads: 1
  worker_connections: 1000
  max_requests: 0
  max_requests_jitter: 0
  timeout: 30
  graceful_timeout: 30
  keepalive: 2
  limit_request_line: 4094
  limit_request_fields: 100
  limit_request_field_size: 8190
  reload: False
  reload_engine: auto
  reload_extra_files: []
  spew: False
  check_config: False
  print_config: False
  preload_app: False
  sendfile: None
  reuse_port: False
  chdir: /home/credirect/Documents/CredirectSoftware/Backend
  daemon: False
  raw_env: []
  pidfile: None
  worker_tmp_dir: None
  user: 1000
  group: 1000
  umask: 0
  initgroups: False
  tmp_upload_dir: None
  secure_scheme_headers: {'X-FORWARDED-PROTOCOL': 'ssl', 'X-FORWARDED-PROTO': 'https', 'X-FORWARDED-SSL': 'on'}
  forwarded_allow_ips: ['127.0.0.1']
  accesslog: /home/credirect/Documents/CredirectSoftware/Backend/access_log
  disable_redirect_access_to_syslog: False
  access_log_format: %(h)s %(l)s %(u)s %(t)s "%(r)s" %(s)s %(b)s "%(f)s" "%(a)s"
  errorlog: /home/credirect/Documents/CredirectSoftware/Backend/error_log
  loglevel: debug
  capture_output: False
  logger_class: gunicorn.glogging.Logger
  logconfig: None
  logconfig_dict: {}
  syslog_addr: udp://localhost:514
  syslog: False
  syslog_prefix: None
  syslog_facility: user
  enable_stdio_inheritance: False
  statsd_host: None
  dogstatsd_tags: 
  statsd_prefix: 
  proc_name: None
  default_proc_name: app.app:app
  pythonpath: None
  paste: None
  on_starting: <function OnStarting.on_starting at 0x7fa1ec52c0d0>
  on_reload: <function OnReload.on_reload at 0x7fa1ec52c1f0>
  when_ready: <function WhenReady.when_ready at 0x7fa1ec52c310>
  pre_fork: <function Prefork.pre_fork at 0x7fa1ec52c430>
  post_fork: <function Postfork.post_fork at 0x7fa1ec52c550>
  post_worker_init: <function PostWorkerInit.post_worker_init at 0x7fa1ec52c670>
  worker_int: <function WorkerInt.worker_int at 0x7fa1ec52c790>
  worker_abort: <function WorkerAbort.worker_abort at 0x7fa1ec52c8b0>
  pre_exec: <function PreExec.pre_exec at 0x7fa1ec52c9d0>
  pre_request: <function PreRequest.pre_request at 0x7fa1ec52caf0>
  post_request: <function PostRequest.post_request at 0x7fa1ec52cb80>
  child_exit: <function ChildExit.child_exit at 0x7fa1ec52cca0>
  worker_exit: <function WorkerExit.worker_exit at 0x7fa1ec52cdc0>
  nworkers_changed: <function NumWorkersChanged.nworkers_changed at 0x7fa1ec52cee0>
  on_exit: <function OnExit.on_exit at 0x7fa1ec52d000>
  proxy_protocol: False
  proxy_allow_ips: ['127.0.0.1']
  keyfile: None
  certfile: None
  ssl_version: 2
  cert_reqs: 0
  ca_certs: None
  suppress_ragged_eofs: True
  do_handshake_on_connect: False
  ciphers: None
  raw_paste_global_conf: []
  strip_header_spaces: False
[2023-05-15 11:05:06 +0100] [345580] [INFO] Starting gunicorn 20.1.0
[2023-05-15 11:05:06 +0100] [345580] [DEBUG] Arbiter booted
[2023-05-15 11:05:06 +0100] [345580] [INFO] Listening at: http://0.0.0.0:8000 (345580)
[2023-05-15 11:05:06 +0100] [345580] [INFO] Using worker: uvicorn.workers.UvicornWorker
[2023-05-15 11:05:06 +0100] [345582] [INFO] Booting worker with pid: 345582
[2023-05-15 11:05:06 +0100] [345583] [INFO] Booting worker with pid: 345583
[2023-05-15 11:05:06 +0100] [345584] [INFO] Booting worker with pid: 345584
[2023-05-15 11:05:06 +0100] [345585] [INFO] Booting worker with pid: 345585
[2023-05-15 11:05:06 +0100] [345580] [DEBUG] 5 workers
[2023-05-15 11:05:06 +0100] [345586] [INFO] Booting worker with pid: 345586
[2023-05-15 11:05:07 +0100] [345583] [INFO] Started server process [345583]
[2023-05-15 11:05:07 +0100] [345583] [INFO] Waiting for application startup.
[2023-05-15 11:05:07 +0100] [345582] [INFO] Started server process [345582]
[2023-05-15 11:05:07 +0100] [345582] [INFO] Waiting for application startup.
[2023-05-15 11:05:07 +0100] [345584] [INFO] Started server process [345584]
[2023-05-15 11:05:07 +0100] [345584] [INFO] Waiting for application startup.
[2023-05-15 11:05:07 +0100] [345585] [INFO] Started server process [345585]
[2023-05-15 11:05:07 +0100] [345585] [INFO] Waiting for application startup.
[2023-05-15 11:05:07 +0100] [345586] [INFO] Started server process [345586]
[2023-05-15 11:05:07 +0100] [345586] [INFO] Waiting for application startup.
[2023-05-15 11:05:08 +0100] [345583] [INFO] Application startup complete.
[2023-05-15 11:05:08 +0100] [345584] [INFO] Application startup complete.
[2023-05-15 11:05:08 +0100] [345582] [INFO] Application startup complete.
[2023-05-15 11:05:08 +0100] [345586] [INFO] Application startup complete.
[2023-05-15 11:05:08 +0100] [345585] [INFO] Application startup complete.
[2023-05-15 12:46:36 +0100] [345580] [INFO] Handling signal: term
[2023-05-15 12:46:36 +0100] [345583] [INFO] Shutting down
[2023-05-15 12:46:36 +0100] [345584] [INFO] Shutting down
[2023-05-15 12:46:36 +0100] [345586] [INFO] Shutting down
[2023-05-15 12:46:36 +0100] [345582] [INFO] Shutting down
[2023-05-15 12:46:36 +0100] [345585] [INFO] Shutting down
[2023-05-15 12:46:36 +0100] [345583] [INFO] Waiting for application shutdown.
[2023-05-15 12:46:36 +0100] [345583] [INFO] Application shutdown complete.
[2023-05-15 12:46:36 +0100] [345583] [INFO] Finished server process [345583]
[2023-05-15 12:46:36 +0100] [345583] [INFO] Worker exiting (pid: 345583)
[2023-05-15 12:46:36 +0100] [345584] [INFO] Waiting for application shutdown.
[2023-05-15 12:46:36 +0100] [345584] [INFO] Application shutdown complete.
[2023-05-15 12:46:36 +0100] [345584] [INFO] Finished server process [345584]
[2023-05-15 12:46:36 +0100] [345584] [INFO] Worker exiting (pid: 345584)
[2023-05-15 12:46:36 +0100] [345586] [INFO] Waiting for application shutdown.
[2023-05-15 12:46:36 +0100] [345586] [INFO] Application shutdown complete.
[2023-05-15 12:46:36 +0100] [345586] [INFO] Finished server process [345586]
[2023-05-15 12:46:36 +0100] [345586] [INFO] Worker exiting (pid: 345586)
[2023-05-15 12:46:36 +0100] [345582] [INFO] Waiting for application shutdown.
[2023-05-15 12:46:36 +0100] [345582] [INFO] Application shutdown complete.
[2023-05-15 12:46:36 +0100] [345582] [INFO] Finished server process [345582]
[2023-05-15 12:46:36 +0100] [345582] [INFO] Worker exiting (pid: 345582)
[2023-05-15 12:46:36 +0100] [345585] [INFO] Waiting for application shutdown.
[2023-05-15 12:46:36 +0100] [345585] [INFO] Application shutdown complete.
[2023-05-15 12:46:36 +0100] [345585] [INFO] Finished server process [345585]
[2023-05-15 12:46:36 +0100] [345585] [INFO] Worker exiting (pid: 345585)
[2023-05-15 12:46:37 +0100] [345580] [INFO] Shutting down: Master
[2023-05-15 12:46:37 +0100] [348914] [DEBUG] Current configuration:
  config: /home/credirect/Documents/CredirectSoftware/Backend/gunicorn_conf.py
  wsgi_app: None
  bind: ['0.0.0.0:8000']
  backlog: 2048
  workers: 5
  worker_class: uvicorn.workers.UvicornWorker
  threads: 1
  worker_connections: 1000
  max_requests: 0
  max_requests_jitter: 0
  timeout: 30
  graceful_timeout: 30
  keepalive: 2
  limit_request_line: 4094
  limit_request_fields: 100
  limit_request_field_size: 8190
  reload: False
  reload_engine: auto
  reload_extra_files: []
  spew: False
  check_config: False
  print_config: False
  preload_app: False
  sendfile: None
  reuse_port: False
  chdir: /home/credirect/Documents/CredirectSoftware/Backend
  daemon: False
  raw_env: []
  pidfile: None
  worker_tmp_dir: None
  user: 1000
  group: 1000
  umask: 0
  initgroups: False
  tmp_upload_dir: None
  secure_scheme_headers: {'X-FORWARDED-PROTOCOL': 'ssl', 'X-FORWARDED-PROTO': 'https', 'X-FORWARDED-SSL': 'on'}
  forwarded_allow_ips: ['127.0.0.1']
  accesslog: /home/credirect/Documents/CredirectSoftware/Backend/access_log
  disable_redirect_access_to_syslog: False
  access_log_format: %(h)s %(l)s %(u)s %(t)s "%(r)s" %(s)s %(b)s "%(f)s" "%(a)s"
  errorlog: /home/credirect/Documents/CredirectSoftware/Backend/error_log
  loglevel: debug
  capture_output: False
  logger_class: gunicorn.glogging.Logger
  logconfig: None
  logconfig_dict: {}
  syslog_addr: udp://localhost:514
  syslog: False
  syslog_prefix: None
  syslog_facility: user
  enable_stdio_inheritance: False
  statsd_host: None
  dogstatsd_tags: 
  statsd_prefix: 
  proc_name: None
  default_proc_name: app.app:app
  pythonpath: None
  paste: None
  on_starting: <function OnStarting.on_starting at 0x7f583aab00d0>
  on_reload: <function OnReload.on_reload at 0x7f583aab01f0>
  when_ready: <function WhenReady.when_ready at 0x7f583aab0310>
  pre_fork: <function Prefork.pre_fork at 0x7f583aab0430>
  post_fork: <function Postfork.post_fork at 0x7f583aab0550>
  post_worker_init: <function PostWorkerInit.post_worker_init at 0x7f583aab0670>
  worker_int: <function WorkerInt.worker_int at 0x7f583aab0790>
  worker_abort: <function WorkerAbort.worker_abort at 0x7f583aab08b0>
  pre_exec: <function PreExec.pre_exec at 0x7f583aab09d0>
  pre_request: <function PreRequest.pre_request at 0x7f583aab0af0>
  post_request: <function PostRequest.post_request at 0x7f583aab0b80>
  child_exit: <function ChildExit.child_exit at 0x7f583aab0ca0>
  worker_exit: <function WorkerExit.worker_exit at 0x7f583aab0dc0>
  nworkers_changed: <function NumWorkersChanged.nworkers_changed at 0x7f583aab0ee0>
  on_exit: <function OnExit.on_exit at 0x7f583aab1000>
  proxy_protocol: False
  proxy_allow_ips: ['127.0.0.1']
  keyfile: None
  certfile: None
  ssl_version: 2
  cert_reqs: 0
  ca_certs: None
  suppress_ragged_eofs: True
  do_handshake_on_connect: False
  ciphers: None
  raw_paste_global_conf: []
  strip_header_spaces: False
[2023-05-15 12:46:37 +0100] [348914] [INFO] Starting gunicorn 20.1.0
[2023-05-15 12:46:37 +0100] [348914] [DEBUG] Arbiter booted
[2023-05-15 12:46:37 +0100] [348914] [INFO] Listening at: http://0.0.0.0:8000 (348914)
[2023-05-15 12:46:37 +0100] [348914] [INFO] Using worker: uvicorn.workers.UvicornWorker
[2023-05-15 12:46:37 +0100] [348916] [INFO] Booting worker with pid: 348916
[2023-05-15 12:46:37 +0100] [348917] [INFO] Booting worker with pid: 348917
[2023-05-15 12:46:37 +0100] [348918] [INFO] Booting worker with pid: 348918
[2023-05-15 12:46:37 +0100] [348919] [INFO] Booting worker with pid: 348919
[2023-05-15 12:46:37 +0100] [348920] [INFO] Booting worker with pid: 348920
[2023-05-15 12:46:37 +0100] [348914] [DEBUG] 5 workers
[2023-05-15 12:46:38 +0100] [348916] [INFO] Started server process [348916]
[2023-05-15 12:46:38 +0100] [348916] [INFO] Waiting for application startup.
[2023-05-15 12:46:38 +0100] [348918] [INFO] Started server process [348918]
[2023-05-15 12:46:38 +0100] [348918] [INFO] Waiting for application startup.
[2023-05-15 12:46:38 +0100] [348917] [INFO] Started server process [348917]
[2023-05-15 12:46:38 +0100] [348917] [INFO] Waiting for application startup.
[2023-05-15 12:46:38 +0100] [348919] [INFO] Started server process [348919]
[2023-05-15 12:46:38 +0100] [348919] [INFO] Waiting for application startup.
[2023-05-15 12:46:38 +0100] [348920] [INFO] Started server process [348920]
[2023-05-15 12:46:38 +0100] [348920] [INFO] Waiting for application startup.
[2023-05-15 12:46:39 +0100] [348916] [INFO] Application startup complete.
[2023-05-15 12:46:39 +0100] [348917] [INFO] Application startup complete.
[2023-05-15 12:46:39 +0100] [348920] [INFO] Application startup complete.
[2023-05-15 12:46:39 +0100] [348919] [INFO] Application startup complete.
[2023-05-15 12:46:40 +0100] [348918] [INFO] Application startup complete.
[2023-05-15 13:03:04 +0100] [348914] [INFO] Handling signal: term
[2023-05-15 13:03:04 +0100] [348919] [INFO] Shutting down
[2023-05-15 13:03:04 +0100] [348918] [INFO] Shutting down
[2023-05-15 13:03:04 +0100] [348916] [INFO] Shutting down
[2023-05-15 13:03:04 +0100] [348920] [INFO] Shutting down
[2023-05-15 13:03:04 +0100] [348917] [INFO] Shutting down
[2023-05-15 13:03:04 +0100] [348919] [INFO] Waiting for application shutdown.
[2023-05-15 13:03:04 +0100] [348919] [INFO] Application shutdown complete.
[2023-05-15 13:03:04 +0100] [348919] [INFO] Finished server process [348919]
[2023-05-15 13:03:04 +0100] [348919] [INFO] Worker exiting (pid: 348919)
[2023-05-15 13:03:05 +0100] [348918] [INFO] Waiting for application shutdown.
[2023-05-15 13:03:05 +0100] [348918] [INFO] Application shutdown complete.
[2023-05-15 13:03:05 +0100] [348918] [INFO] Finished server process [348918]
[2023-05-15 13:03:05 +0100] [348918] [INFO] Worker exiting (pid: 348918)
[2023-05-15 13:03:05 +0100] [348916] [INFO] Waiting for application shutdown.
[2023-05-15 13:03:05 +0100] [348916] [INFO] Application shutdown complete.
[2023-05-15 13:03:05 +0100] [348916] [INFO] Finished server process [348916]
[2023-05-15 13:03:05 +0100] [348916] [INFO] Worker exiting (pid: 348916)
[2023-05-15 13:03:05 +0100] [348920] [INFO] Waiting for application shutdown.
[2023-05-15 13:03:05 +0100] [348920] [INFO] Application shutdown complete.
[2023-05-15 13:03:05 +0100] [348920] [INFO] Finished server process [348920]
[2023-05-15 13:03:05 +0100] [348917] [INFO] Waiting for application shutdown.
[2023-05-15 13:03:05 +0100] [348917] [INFO] Application shutdown complete.
[2023-05-15 13:03:05 +0100] [348917] [INFO] Finished server process [348917]
[2023-05-15 13:03:05 +0100] [348920] [INFO] Worker exiting (pid: 348920)
[2023-05-15 13:03:05 +0100] [348917] [INFO] Worker exiting (pid: 348917)
[2023-05-15 13:03:05 +0100] [348914] [INFO] Shutting down: Master
[2023-05-15 13:03:05 +0100] [349805] [DEBUG] Current configuration:
  config: /home/credirect/Documents/CredirectSoftware/Backend/gunicorn_conf.py
  wsgi_app: None
  bind: ['0.0.0.0:8000']
  backlog: 2048
  workers: 5
  worker_class: uvicorn.workers.UvicornWorker
  threads: 1
  worker_connections: 1000
  max_requests: 0
  max_requests_jitter: 0
  timeout: 30
  graceful_timeout: 30
  keepalive: 2
  limit_request_line: 4094
  limit_request_fields: 100
  limit_request_field_size: 8190
  reload: False
  reload_engine: auto
  reload_extra_files: []
  spew: False
  check_config: False
  print_config: False
  preload_app: False
  sendfile: None
  reuse_port: False
  chdir: /home/credirect/Documents/CredirectSoftware/Backend
  daemon: False
  raw_env: []
  pidfile: None
  worker_tmp_dir: None
  user: 1000
  group: 1000
  umask: 0
  initgroups: False
  tmp_upload_dir: None
  secure_scheme_headers: {'X-FORWARDED-PROTOCOL': 'ssl', 'X-FORWARDED-PROTO': 'https', 'X-FORWARDED-SSL': 'on'}
  forwarded_allow_ips: ['127.0.0.1']
  accesslog: /home/credirect/Documents/CredirectSoftware/Backend/access_log
  disable_redirect_access_to_syslog: False
  access_log_format: %(h)s %(l)s %(u)s %(t)s "%(r)s" %(s)s %(b)s "%(f)s" "%(a)s"
  errorlog: /home/credirect/Documents/CredirectSoftware/Backend/error_log
  loglevel: debug
  capture_output: False
  logger_class: gunicorn.glogging.Logger
  logconfig: None
  logconfig_dict: {}
  syslog_addr: udp://localhost:514
  syslog: False
  syslog_prefix: None
  syslog_facility: user
  enable_stdio_inheritance: False
  statsd_host: None
  dogstatsd_tags: 
  statsd_prefix: 
  proc_name: None
  default_proc_name: app.app:app
  pythonpath: None
  paste: None
  on_starting: <function OnStarting.on_starting at 0x7f83dd7f80d0>
  on_reload: <function OnReload.on_reload at 0x7f83dd7f81f0>
  when_ready: <function WhenReady.when_ready at 0x7f83dd7f8310>
  pre_fork: <function Prefork.pre_fork at 0x7f83dd7f8430>
  post_fork: <function Postfork.post_fork at 0x7f83dd7f8550>
  post_worker_init: <function PostWorkerInit.post_worker_init at 0x7f83dd7f8670>
  worker_int: <function WorkerInt.worker_int at 0x7f83dd7f8790>
  worker_abort: <function WorkerAbort.worker_abort at 0x7f83dd7f88b0>
  pre_exec: <function PreExec.pre_exec at 0x7f83dd7f89d0>
  pre_request: <function PreRequest.pre_request at 0x7f83dd7f8af0>
  post_request: <function PostRequest.post_request at 0x7f83dd7f8b80>
  child_exit: <function ChildExit.child_exit at 0x7f83dd7f8ca0>
  worker_exit: <function WorkerExit.worker_exit at 0x7f83dd7f8dc0>
  nworkers_changed: <function NumWorkersChanged.nworkers_changed at 0x7f83dd7f8ee0>
  on_exit: <function OnExit.on_exit at 0x7f83dd7f9000>
  proxy_protocol: False
  proxy_allow_ips: ['127.0.0.1']
  keyfile: None
  certfile: None
  ssl_version: 2
  cert_reqs: 0
  ca_certs: None
  suppress_ragged_eofs: True
  do_handshake_on_connect: False
  ciphers: None
  raw_paste_global_conf: []
  strip_header_spaces: False
[2023-05-15 13:03:05 +0100] [349805] [INFO] Starting gunicorn 20.1.0
[2023-05-15 13:03:05 +0100] [349805] [DEBUG] Arbiter booted
[2023-05-15 13:03:05 +0100] [349805] [INFO] Listening at: http://0.0.0.0:8000 (349805)
[2023-05-15 13:03:05 +0100] [349805] [INFO] Using worker: uvicorn.workers.UvicornWorker
[2023-05-15 13:03:05 +0100] [349806] [INFO] Booting worker with pid: 349806
[2023-05-15 13:03:05 +0100] [349807] [INFO] Booting worker with pid: 349807
[2023-05-15 13:03:06 +0100] [349808] [INFO] Booting worker with pid: 349808
[2023-05-15 13:03:06 +0100] [349809] [INFO] Booting worker with pid: 349809
[2023-05-15 13:03:06 +0100] [349810] [INFO] Booting worker with pid: 349810
[2023-05-15 13:03:06 +0100] [349805] [DEBUG] 5 workers
[2023-05-15 13:03:07 +0100] [349806] [INFO] Started server process [349806]
[2023-05-15 13:03:07 +0100] [349806] [INFO] Waiting for application startup.
[2023-05-15 13:03:07 +0100] [349808] [INFO] Started server process [349808]
[2023-05-15 13:03:07 +0100] [349808] [INFO] Waiting for application startup.
[2023-05-15 13:03:07 +0100] [349807] [INFO] Started server process [349807]
[2023-05-15 13:03:07 +0100] [349807] [INFO] Waiting for application startup.
[2023-05-15 13:03:07 +0100] [349810] [INFO] Started server process [349810]
[2023-05-15 13:03:07 +0100] [349810] [INFO] Waiting for application startup.
[2023-05-15 13:03:07 +0100] [349809] [INFO] Started server process [349809]
[2023-05-15 13:03:07 +0100] [349809] [INFO] Waiting for application startup.
[2023-05-15 13:03:08 +0100] [349809] [INFO] Application startup complete.
[2023-05-15 13:03:08 +0100] [349810] [INFO] Application startup complete.
[2023-05-15 13:03:08 +0100] [349807] [INFO] Application startup complete.
[2023-05-15 13:03:08 +0100] [349808] [INFO] Application startup complete.
[2023-05-15 13:03:08 +0100] [349806] [INFO] Application startup complete.
